mode: atomic
github.com/cometbft/cometbft-db/remotedb/proto/defs.pb.go:46.41,48.2 1 3
github.com/cometbft/cometbft-db/remotedb/proto/defs.pb.go:50.56,52.2 1 0
github.com/cometbft/cometbft-db/remotedb/proto/defs.pb.go:61.33,61.49 1 4
github.com/cometbft/cometbft-db/remotedb/proto/defs.pb.go:62.33,62.70 1 0
github.com/cometbft/cometbft-db/remotedb/proto/defs.pb.go:63.34,63.35 0 0
github.com/cometbft/cometbft-db/remotedb/proto/defs.pb.go:64.44,66.2 1 0
github.com/cometbft/cometbft-db/remotedb/proto/defs.pb.go:67.47,69.2 1 2
github.com/cometbft/cometbft-db/remotedb/proto/defs.pb.go:70.75,72.2 1 1
github.com/cometbft/cometbft-db/remotedb/proto/defs.pb.go:73.46,75.2 1 0
github.com/cometbft/cometbft-db/remotedb/proto/defs.pb.go:76.32,78.2 1 1
github.com/cometbft/cometbft-db/remotedb/proto/defs.pb.go:79.38,81.2 1 0
github.com/cometbft/cometbft-db/remotedb/proto/defs.pb.go:85.39,86.14 1 0
github.com/cometbft/cometbft-db/remotedb/proto/defs.pb.go:89.2,89.12 1 0
github.com/cometbft/cometbft-db/remotedb/proto/defs.pb.go:86.14,88.3 1 0
github.com/cometbft/cometbft-db/remotedb/proto/defs.pb.go:100.37,100.57 1 4
github.com/cometbft/cometbft-db/remotedb/proto/defs.pb.go:101.37,101.74 1 0
github.com/cometbft/cometbft-db/remotedb/proto/defs.pb.go:102.38,102.39 0 0
github.com/cometbft/cometbft-db/remotedb/proto/defs.pb.go:103.48,105.2 1 0
github.com/cometbft/cometbft-db/remotedb/proto/defs.pb.go:106.51,108.2 1 2
github.com/cometbft/cometbft-db/remotedb/proto/defs.pb.go:109.79,111.2 1 1
github.com/cometbft/cometbft-db/remotedb/proto/defs.pb.go:112.50,114.2 1 0
github.com/cometbft/cometbft-db/remotedb/proto/defs.pb.go:115.36,117.2 1 1
github.com/cometbft/cometbft-db/remotedb/proto/defs.pb.go:118.42,120.2 1 0
github.com/cometbft/cometbft-db/remotedb/proto/defs.pb.go:124.41,125.14 1 0
github.com/cometbft/cometbft-db/remotedb/proto/defs.pb.go:128.2,128.12 1 0
github.com/cometbft/cometbft-db/remotedb/proto/defs.pb.go:125.14,127.3 1 0
github.com/cometbft/cometbft-db/remotedb/proto/defs.pb.go:131.46,132.14 1 0
github.com/cometbft/cometbft-db/remotedb/proto/defs.pb.go:135.2,135.22 1 0
github.com/cometbft/cometbft-db/remotedb/proto/defs.pb.go:132.14,134.3 1 0
github.com/cometbft/cometbft-db/remotedb/proto/defs.pb.go:152.34,152.51 1 4
github.com/cometbft/cometbft-db/remotedb/proto/defs.pb.go:153.34,153.71 1 0
github.com/cometbft/cometbft-db/remotedb/proto/defs.pb.go:154.35,154.36 0 0
github.com/cometbft/cometbft-db/remotedb/proto/defs.pb.go:155.45,157.2 1 0
github.com/cometbft/cometbft-db/remotedb/proto/defs.pb.go:158.48,160.2 1 2
github.com/cometbft/cometbft-db/remotedb/proto/defs.pb.go:161.76,163.2 1 1
github.com/cometbft/cometbft-db/remotedb/proto/defs.pb.go:164.47,166.2 1 0
github.com/cometbft/cometbft-db/remotedb/proto/defs.pb.go:167.33,169.2 1 1
github.com/cometbft/cometbft-db/remotedb/proto/defs.pb.go:170.39,172.2 1 0
github.com/cometbft/cometbft-db/remotedb/proto/defs.pb.go:176.32,177.14 1 0
github.com/cometbft/cometbft-db/remotedb/proto/defs.pb.go:180.2,180.10 1 0
github.com/cometbft/cometbft-db/remotedb/proto/defs.pb.go:177.14,179.3 1 0
github.com/cometbft/cometbft-db/remotedb/proto/defs.pb.go:183.34,184.14 1 0
github.com/cometbft/cometbft-db/remotedb/proto/defs.pb.go:187.2,187.12 1 0
github.com/cometbft/cometbft-db/remotedb/proto/defs.pb.go:184.14,186.3 1 0
github.com/cometbft/cometbft-db/remotedb/proto/defs.pb.go:190.36,191.14 1 0
github.com/cometbft/cometbft-db/remotedb/proto/defs.pb.go:194.2,194.12 1 0
github.com/cometbft/cometbft-db/remotedb/proto/defs.pb.go:191.14,193.3 1 0
github.com/cometbft/cometbft-db/remotedb/proto/defs.pb.go:197.35,198.14 1 0
github.com/cometbft/cometbft-db/remotedb/proto/defs.pb.go:201.2,201.14 1 0
github.com/cometbft/cometbft-db/remotedb/proto/defs.pb.go:198.14,200.3 1 0
github.com/cometbft/cometbft-db/remotedb/proto/defs.pb.go:204.36,205.14 1 0
github.com/cometbft/cometbft-db/remotedb/proto/defs.pb.go:208.2,208.12 1 0
github.com/cometbft/cometbft-db/remotedb/proto/defs.pb.go:205.14,207.3 1 0
github.com/cometbft/cometbft-db/remotedb/proto/defs.pb.go:211.34,212.14 1 0
github.com/cometbft/cometbft-db/remotedb/proto/defs.pb.go:215.2,215.12 1 0
github.com/cometbft/cometbft-db/remotedb/proto/defs.pb.go:212.14,214.3 1 0
github.com/cometbft/cometbft-db/remotedb/proto/defs.pb.go:218.34,219.14 1 0
github.com/cometbft/cometbft-db/remotedb/proto/defs.pb.go:222.2,222.11 1 0
github.com/cometbft/cometbft-db/remotedb/proto/defs.pb.go:219.14,221.3 1 0
github.com/cometbft/cometbft-db/remotedb/proto/defs.pb.go:225.39,226.14 1 0
github.com/cometbft/cometbft-db/remotedb/proto/defs.pb.go:229.2,229.10 1 0
github.com/cometbft/cometbft-db/remotedb/proto/defs.pb.go:226.14,228.3 1 0
github.com/cometbft/cometbft-db/remotedb/proto/defs.pb.go:238.35,238.53 1 3
github.com/cometbft/cometbft-db/remotedb/proto/defs.pb.go:239.35,239.72 1 0
github.com/cometbft/cometbft-db/remotedb/proto/defs.pb.go:240.36,240.37 0 0
github.com/cometbft/cometbft-db/remotedb/proto/defs.pb.go:241.46,243.2 1 0
github.com/cometbft/cometbft-db/remotedb/proto/defs.pb.go:244.49,246.2 1 1
github.com/cometbft/cometbft-db/remotedb/proto/defs.pb.go:247.77,249.2 1 1
github.com/cometbft/cometbft-db/remotedb/proto/defs.pb.go:250.48,252.2 1 0
github.com/cometbft/cometbft-db/remotedb/proto/defs.pb.go:253.34,255.2 1 1
github.com/cometbft/cometbft-db/remotedb/proto/defs.pb.go:256.40,258.2 1 0
github.com/cometbft/cometbft-db/remotedb/proto/defs.pb.go:270.34,270.51 1 4
github.com/cometbft/cometbft-db/remotedb/proto/defs.pb.go:271.34,271.71 1 0
github.com/cometbft/cometbft-db/remotedb/proto/defs.pb.go:272.35,272.36 0 0
github.com/cometbft/cometbft-db/remotedb/proto/defs.pb.go:273.45,275.2 1 0
github.com/cometbft/cometbft-db/remotedb/proto/defs.pb.go:276.48,278.2 1 2
github.com/cometbft/cometbft-db/remotedb/proto/defs.pb.go:279.76,281.2 1 1
github.com/cometbft/cometbft-db/remotedb/proto/defs.pb.go:282.47,284.2 1 0
github.com/cometbft/cometbft-db/remotedb/proto/defs.pb.go:285.33,287.2 1 1
github.com/cometbft/cometbft-db/remotedb/proto/defs.pb.go:288.39,290.2 1 0
github.com/cometbft/cometbft-db/remotedb/proto/defs.pb.go:294.36,295.14 1 0
github.com/cometbft/cometbft-db/remotedb/proto/defs.pb.go:298.2,298.12 1 0
github.com/cometbft/cometbft-db/remotedb/proto/defs.pb.go:295.14,297.3 1 0
github.com/cometbft/cometbft-db/remotedb/proto/defs.pb.go:301.34,302.14 1 0
github.com/cometbft/cometbft-db/remotedb/proto/defs.pb.go:305.2,305.12 1 0
github.com/cometbft/cometbft-db/remotedb/proto/defs.pb.go:302.14,304.3 1 0
github.com/cometbft/cometbft-db/remotedb/proto/defs.pb.go:318.36,318.55 1 4
github.com/cometbft/cometbft-db/remotedb/proto/defs.pb.go:319.36,319.73 1 0
github.com/cometbft/cometbft-db/remotedb/proto/defs.pb.go:320.37,320.38 0 0
github.com/cometbft/cometbft-db/remotedb/proto/defs.pb.go:321.47,323.2 1 0
github.com/cometbft/cometbft-db/remotedb/proto/defs.pb.go:324.50,326.2 1 2
github.com/cometbft/cometbft-db/remotedb/proto/defs.pb.go:327.78,329.2 1 1
github.com/cometbft/cometbft-db/remotedb/proto/defs.pb.go:330.49,332.2 1 0
github.com/cometbft/cometbft-db/remotedb/proto/defs.pb.go:333.35,335.2 1 1
github.com/cometbft/cometbft-db/remotedb/proto/defs.pb.go:336.41,338.2 1 0
github.com/cometbft/cometbft-db/remotedb/proto/defs.pb.go:342.40,343.14 1 0
github.com/cometbft/cometbft-db/remotedb/proto/defs.pb.go:346.2,346.12 1 0
github.com/cometbft/cometbft-db/remotedb/proto/defs.pb.go:343.14,345.3 1 0
github.com/cometbft/cometbft-db/remotedb/proto/defs.pb.go:349.36,350.14 1 0
github.com/cometbft/cometbft-db/remotedb/proto/defs.pb.go:353.2,353.14 1 0
github.com/cometbft/cometbft-db/remotedb/proto/defs.pb.go:350.14,352.3 1 0
github.com/cometbft/cometbft-db/remotedb/proto/defs.pb.go:356.36,357.14 1 0
github.com/cometbft/cometbft-db/remotedb/proto/defs.pb.go:360.2,360.12 1 0
github.com/cometbft/cometbft-db/remotedb/proto/defs.pb.go:357.14,359.3 1 0
github.com/cometbft/cometbft-db/remotedb/proto/defs.pb.go:363.38,364.14 1 0
github.com/cometbft/cometbft-db/remotedb/proto/defs.pb.go:367.2,367.12 1 0
github.com/cometbft/cometbft-db/remotedb/proto/defs.pb.go:364.14,366.3 1 0
github.com/cometbft/cometbft-db/remotedb/proto/defs.pb.go:378.33,378.49 1 4
github.com/cometbft/cometbft-db/remotedb/proto/defs.pb.go:379.33,379.70 1 0
github.com/cometbft/cometbft-db/remotedb/proto/defs.pb.go:380.34,380.35 0 0
github.com/cometbft/cometbft-db/remotedb/proto/defs.pb.go:381.44,383.2 1 0
github.com/cometbft/cometbft-db/remotedb/proto/defs.pb.go:384.47,386.2 1 2
github.com/cometbft/cometbft-db/remotedb/proto/defs.pb.go:387.75,389.2 1 1
github.com/cometbft/cometbft-db/remotedb/proto/defs.pb.go:390.46,392.2 1 0
github.com/cometbft/cometbft-db/remotedb/proto/defs.pb.go:393.32,395.2 1 1
github.com/cometbft/cometbft-db/remotedb/proto/defs.pb.go:396.38,398.2 1 0
github.com/cometbft/cometbft-db/remotedb/proto/defs.pb.go:402.45,403.14 1 0
github.com/cometbft/cometbft-db/remotedb/proto/defs.pb.go:406.2,406.12 1 0
github.com/cometbft/cometbft-db/remotedb/proto/defs.pb.go:403.14,405.3 1 0
github.com/cometbft/cometbft-db/remotedb/proto/defs.pb.go:409.35,410.14 1 0
github.com/cometbft/cometbft-db/remotedb/proto/defs.pb.go:413.2,413.10 1 0
github.com/cometbft/cometbft-db/remotedb/proto/defs.pb.go:410.14,412.3 1 0
github.com/cometbft/cometbft-db/remotedb/proto/defs.pb.go:425.32,425.47 1 4
github.com/cometbft/cometbft-db/remotedb/proto/defs.pb.go:426.32,426.69 1 0
github.com/cometbft/cometbft-db/remotedb/proto/defs.pb.go:427.33,427.34 0 0
github.com/cometbft/cometbft-db/remotedb/proto/defs.pb.go:428.43,430.2 1 0
github.com/cometbft/cometbft-db/remotedb/proto/defs.pb.go:431.46,433.2 1 2
github.com/cometbft/cometbft-db/remotedb/proto/defs.pb.go:434.74,436.2 1 1
github.com/cometbft/cometbft-db/remotedb/proto/defs.pb.go:437.45,439.2 1 0
github.com/cometbft/cometbft-db/remotedb/proto/defs.pb.go:440.31,442.2 1 1
github.com/cometbft/cometbft-db/remotedb/proto/defs.pb.go:443.37,445.2 1 0
github.com/cometbft/cometbft-db/remotedb/proto/defs.pb.go:449.33,450.14 1 0
github.com/cometbft/cometbft-db/remotedb/proto/defs.pb.go:453.2,453.11 1 0
github.com/cometbft/cometbft-db/remotedb/proto/defs.pb.go:450.14,452.3 1 0
github.com/cometbft/cometbft-db/remotedb/proto/defs.pb.go:456.33,457.14 1 0
github.com/cometbft/cometbft-db/remotedb/proto/defs.pb.go:460.2,460.11 1 0
github.com/cometbft/cometbft-db/remotedb/proto/defs.pb.go:457.14,459.3 1 0
github.com/cometbft/cometbft-db/remotedb/proto/defs.pb.go:463.32,464.14 1 0
github.com/cometbft/cometbft-db/remotedb/proto/defs.pb.go:467.2,467.11 1 0
github.com/cometbft/cometbft-db/remotedb/proto/defs.pb.go:464.14,466.3 1 0
github.com/cometbft/cometbft-db/remotedb/proto/defs.pb.go:470.13,481.2 10 1
github.com/cometbft/cometbft-db/remotedb/proto/defs.pb.go:483.13,483.97 1 1
github.com/cometbft/cometbft-db/remotedb/proto/defs.pb.go:531.49,532.17 1 4
github.com/cometbft/cometbft-db/remotedb/proto/defs.pb.go:536.2,537.9 2 4
github.com/cometbft/cometbft-db/remotedb/proto/defs.pb.go:545.2,545.18 1 4
github.com/cometbft/cometbft-db/remotedb/proto/defs.pb.go:550.2,550.37 1 4
github.com/cometbft/cometbft-db/remotedb/proto/defs.pb.go:553.2,553.26 1 4
github.com/cometbft/cometbft-db/remotedb/proto/defs.pb.go:558.2,558.65 1 4
github.com/cometbft/cometbft-db/remotedb/proto/defs.pb.go:561.2,561.13 1 4
github.com/cometbft/cometbft-db/remotedb/proto/defs.pb.go:532.17,534.3 1 0
github.com/cometbft/cometbft-db/remotedb/proto/defs.pb.go:537.9,539.9 2 0
github.com/cometbft/cometbft-db/remotedb/proto/defs.pb.go:539.9,541.4 1 0
github.com/cometbft/cometbft-db/remotedb/proto/defs.pb.go:541.9,543.4 1 0
github.com/cometbft/cometbft-db/remotedb/proto/defs.pb.go:545.18,547.3 1 0
github.com/cometbft/cometbft-db/remotedb/proto/defs.pb.go:547.8,547.24 1 4
github.com/cometbft/cometbft-db/remotedb/proto/defs.pb.go:547.24,549.3 1 0
github.com/cometbft/cometbft-db/remotedb/proto/defs.pb.go:550.37,552.3 1 0
github.com/cometbft/cometbft-db/remotedb/proto/defs.pb.go:553.26,554.39 1 4
github.com/cometbft/cometbft-db/remotedb/proto/defs.pb.go:554.39,556.4 1 0
github.com/cometbft/cometbft-db/remotedb/proto/defs.pb.go:558.65,560.3 1 0
github.com/cometbft/cometbft-db/remotedb/proto/defs.pb.go:563.53,564.17 1 8
github.com/cometbft/cometbft-db/remotedb/proto/defs.pb.go:568.2,569.9 2 8
github.com/cometbft/cometbft-db/remotedb/proto/defs.pb.go:577.2,577.18 1 8
github.com/cometbft/cometbft-db/remotedb/proto/defs.pb.go:582.2,582.38 1 8
github.com/cometbft/cometbft-db/remotedb/proto/defs.pb.go:585.2,585.29 1 8
github.com/cometbft/cometbft-db/remotedb/proto/defs.pb.go:588.2,588.65 1 8
github.com/cometbft/cometbft-db/remotedb/proto/defs.pb.go:591.2,591.13 1 8
github.com/cometbft/cometbft-db/remotedb/proto/defs.pb.go:564.17,566.3 1 0
github.com/cometbft/cometbft-db/remotedb/proto/defs.pb.go:569.9,571.9 2 0
github.com/cometbft/cometbft-db/remotedb/proto/defs.pb.go:571.9,573.4 1 0
github.com/cometbft/cometbft-db/remotedb/proto/defs.pb.go:573.9,575.4 1 0
github.com/cometbft/cometbft-db/remotedb/proto/defs.pb.go:577.18,579.3 1 0
github.com/cometbft/cometbft-db/remotedb/proto/defs.pb.go:579.8,579.24 1 8
github.com/cometbft/cometbft-db/remotedb/proto/defs.pb.go:579.24,581.3 1 0
github.com/cometbft/cometbft-db/remotedb/proto/defs.pb.go:582.38,584.3 1 0
github.com/cometbft/cometbft-db/remotedb/proto/defs.pb.go:585.29,587.3 1 0
github.com/cometbft/cometbft-db/remotedb/proto/defs.pb.go:588.65,590.3 1 0
github.com/cometbft/cometbft-db/remotedb/proto/defs.pb.go:593.50,594.17 1 12
github.com/cometbft/cometbft-db/remotedb/proto/defs.pb.go:598.2,599.9 2 12
github.com/cometbft/cometbft-db/remotedb/proto/defs.pb.go:607.2,607.18 1 12
github.com/cometbft/cometbft-db/remotedb/proto/defs.pb.go:612.2,612.25 1 10
github.com/cometbft/cometbft-db/remotedb/proto/defs.pb.go:615.2,615.39 1 10
github.com/cometbft/cometbft-db/remotedb/proto/defs.pb.go:618.2,618.43 1 10
github.com/cometbft/cometbft-db/remotedb/proto/defs.pb.go:621.2,621.33 1 10
github.com/cometbft/cometbft-db/remotedb/proto/defs.pb.go:624.2,624.43 1 10
github.com/cometbft/cometbft-db/remotedb/proto/defs.pb.go:627.2,627.39 1 10
github.com/cometbft/cometbft-db/remotedb/proto/defs.pb.go:630.2,630.27 1 10
github.com/cometbft/cometbft-db/remotedb/proto/defs.pb.go:633.2,633.39 1 10
github.com/cometbft/cometbft-db/remotedb/proto/defs.pb.go:636.2,636.65 1 10
github.com/cometbft/cometbft-db/remotedb/proto/defs.pb.go:639.2,639.13 1 10
github.com/cometbft/cometbft-db/remotedb/proto/defs.pb.go:594.17,596.3 1 0
github.com/cometbft/cometbft-db/remotedb/proto/defs.pb.go:599.9,601.9 2 0
github.com/cometbft/cometbft-db/remotedb/proto/defs.pb.go:601.9,603.4 1 0
github.com/cometbft/cometbft-db/remotedb/proto/defs.pb.go:603.9,605.4 1 0
github.com/cometbft/cometbft-db/remotedb/proto/defs.pb.go:607.18,609.3 1 2
github.com/cometbft/cometbft-db/remotedb/proto/defs.pb.go:609.8,609.24 1 10
github.com/cometbft/cometbft-db/remotedb/proto/defs.pb.go:609.24,611.3 1 0
github.com/cometbft/cometbft-db/remotedb/proto/defs.pb.go:612.25,614.3 1 0
github.com/cometbft/cometbft-db/remotedb/proto/defs.pb.go:615.39,617.3 1 0
github.com/cometbft/cometbft-db/remotedb/proto/defs.pb.go:618.43,620.3 1 0
github.com/cometbft/cometbft-db/remotedb/proto/defs.pb.go:621.33,623.3 1 0
github.com/cometbft/cometbft-db/remotedb/proto/defs.pb.go:624.43,626.3 1 0
github.com/cometbft/cometbft-db/remotedb/proto/defs.pb.go:627.39,629.3 1 0
github.com/cometbft/cometbft-db/remotedb/proto/defs.pb.go:630.27,632.3 1 0
github.com/cometbft/cometbft-db/remotedb/proto/defs.pb.go:633.39,635.3 1 0
github.com/cometbft/cometbft-db/remotedb/proto/defs.pb.go:636.65,638.3 1 0
github.com/cometbft/cometbft-db/remotedb/proto/defs.pb.go:641.51,642.17 1 4
github.com/cometbft/cometbft-db/remotedb/proto/defs.pb.go:646.2,647.9 2 4
github.com/cometbft/cometbft-db/remotedb/proto/defs.pb.go:655.2,655.18 1 4
github.com/cometbft/cometbft-db/remotedb/proto/defs.pb.go:660.2,660.65 1 4
github.com/cometbft/cometbft-db/remotedb/proto/defs.pb.go:663.2,663.13 1 4
github.com/cometbft/cometbft-db/remotedb/proto/defs.pb.go:642.17,644.3 1 0
github.com/cometbft/cometbft-db/remotedb/proto/defs.pb.go:647.9,649.9 2 0
github.com/cometbft/cometbft-db/remotedb/proto/defs.pb.go:649.9,651.4 1 0
github.com/cometbft/cometbft-db/remotedb/proto/defs.pb.go:651.9,653.4 1 0
github.com/cometbft/cometbft-db/remotedb/proto/defs.pb.go:655.18,657.3 1 0
github.com/cometbft/cometbft-db/remotedb/proto/defs.pb.go:657.8,657.24 1 4
github.com/cometbft/cometbft-db/remotedb/proto/defs.pb.go:657.24,659.3 1 0
github.com/cometbft/cometbft-db/remotedb/proto/defs.pb.go:660.65,662.3 1 0
github.com/cometbft/cometbft-db/remotedb/proto/defs.pb.go:665.50,666.17 1 8
github.com/cometbft/cometbft-db/remotedb/proto/defs.pb.go:670.2,671.9 2 8
github.com/cometbft/cometbft-db/remotedb/proto/defs.pb.go:679.2,679.18 1 8
github.com/cometbft/cometbft-db/remotedb/proto/defs.pb.go:684.2,684.43 1 7
github.com/cometbft/cometbft-db/remotedb/proto/defs.pb.go:687.2,687.39 1 7
github.com/cometbft/cometbft-db/remotedb/proto/defs.pb.go:690.2,690.65 1 7
github.com/cometbft/cometbft-db/remotedb/proto/defs.pb.go:693.2,693.13 1 7
github.com/cometbft/cometbft-db/remotedb/proto/defs.pb.go:666.17,668.3 1 0
github.com/cometbft/cometbft-db/remotedb/proto/defs.pb.go:671.9,673.9 2 0
github.com/cometbft/cometbft-db/remotedb/proto/defs.pb.go:673.9,675.4 1 0
github.com/cometbft/cometbft-db/remotedb/proto/defs.pb.go:675.9,677.4 1 0
github.com/cometbft/cometbft-db/remotedb/proto/defs.pb.go:679.18,681.3 1 1
github.com/cometbft/cometbft-db/remotedb/proto/defs.pb.go:681.8,681.24 1 7
github.com/cometbft/cometbft-db/remotedb/proto/defs.pb.go:681.24,683.3 1 0
github.com/cometbft/cometbft-db/remotedb/proto/defs.pb.go:684.43,686.3 1 0
github.com/cometbft/cometbft-db/remotedb/proto/defs.pb.go:687.39,689.3 1 0
github.com/cometbft/cometbft-db/remotedb/proto/defs.pb.go:690.65,692.3 1 0
github.com/cometbft/cometbft-db/remotedb/proto/defs.pb.go:695.52,696.17 1 4
github.com/cometbft/cometbft-db/remotedb/proto/defs.pb.go:700.2,701.9 2 4
github.com/cometbft/cometbft-db/remotedb/proto/defs.pb.go:709.2,709.18 1 4
github.com/cometbft/cometbft-db/remotedb/proto/defs.pb.go:714.2,714.38 1 4
github.com/cometbft/cometbft-db/remotedb/proto/defs.pb.go:717.2,717.31 1 4
github.com/cometbft/cometbft-db/remotedb/proto/defs.pb.go:720.2,720.39 1 4
github.com/cometbft/cometbft-db/remotedb/proto/defs.pb.go:723.2,723.43 1 4
github.com/cometbft/cometbft-db/remotedb/proto/defs.pb.go:726.2,726.65 1 4
github.com/cometbft/cometbft-db/remotedb/proto/defs.pb.go:729.2,729.13 1 4
github.com/cometbft/cometbft-db/remotedb/proto/defs.pb.go:696.17,698.3 1 0
github.com/cometbft/cometbft-db/remotedb/proto/defs.pb.go:701.9,703.9 2 0
github.com/cometbft/cometbft-db/remotedb/proto/defs.pb.go:703.9,705.4 1 0
github.com/cometbft/cometbft-db/remotedb/proto/defs.pb.go:705.9,707.4 1 0
github.com/cometbft/cometbft-db/remotedb/proto/defs.pb.go:709.18,711.3 1 0
github.com/cometbft/cometbft-db/remotedb/proto/defs.pb.go:711.8,711.24 1 4
github.com/cometbft/cometbft-db/remotedb/proto/defs.pb.go:711.24,713.3 1 0
github.com/cometbft/cometbft-db/remotedb/proto/defs.pb.go:714.38,716.3 1 0
github.com/cometbft/cometbft-db/remotedb/proto/defs.pb.go:717.31,719.3 1 0
github.com/cometbft/cometbft-db/remotedb/proto/defs.pb.go:720.39,722.3 1 0
github.com/cometbft/cometbft-db/remotedb/proto/defs.pb.go:723.43,725.3 1 0
github.com/cometbft/cometbft-db/remotedb/proto/defs.pb.go:726.65,728.3 1 0
github.com/cometbft/cometbft-db/remotedb/proto/defs.pb.go:731.49,732.17 1 4
github.com/cometbft/cometbft-db/remotedb/proto/defs.pb.go:736.2,737.9 2 4
github.com/cometbft/cometbft-db/remotedb/proto/defs.pb.go:745.2,745.18 1 4
github.com/cometbft/cometbft-db/remotedb/proto/defs.pb.go:750.2,750.39 1 4
github.com/cometbft/cometbft-db/remotedb/proto/defs.pb.go:753.2,753.27 1 4
github.com/cometbft/cometbft-db/remotedb/proto/defs.pb.go:758.2,758.33 1 4
github.com/cometbft/cometbft-db/remotedb/proto/defs.pb.go:761.2,761.65 1 4
github.com/cometbft/cometbft-db/remotedb/proto/defs.pb.go:764.2,764.13 1 4
github.com/cometbft/cometbft-db/remotedb/proto/defs.pb.go:732.17,734.3 1 0
github.com/cometbft/cometbft-db/remotedb/proto/defs.pb.go:737.9,739.9 2 0
github.com/cometbft/cometbft-db/remotedb/proto/defs.pb.go:739.9,741.4 1 0
github.com/cometbft/cometbft-db/remotedb/proto/defs.pb.go:741.9,743.4 1 0
github.com/cometbft/cometbft-db/remotedb/proto/defs.pb.go:745.18,747.3 1 0
github.com/cometbft/cometbft-db/remotedb/proto/defs.pb.go:747.8,747.24 1 4
github.com/cometbft/cometbft-db/remotedb/proto/defs.pb.go:747.24,749.3 1 0
github.com/cometbft/cometbft-db/remotedb/proto/defs.pb.go:750.39,752.3 1 0
github.com/cometbft/cometbft-db/remotedb/proto/defs.pb.go:753.27,754.36 1 4
github.com/cometbft/cometbft-db/remotedb/proto/defs.pb.go:754.36,756.4 1 0
github.com/cometbft/cometbft-db/remotedb/proto/defs.pb.go:758.33,760.3 1 0
github.com/cometbft/cometbft-db/remotedb/proto/defs.pb.go:761.65,763.3 1 0
github.com/cometbft/cometbft-db/remotedb/proto/defs.pb.go:766.48,767.17 1 4
github.com/cometbft/cometbft-db/remotedb/proto/defs.pb.go:771.2,772.9 2 4
github.com/cometbft/cometbft-db/remotedb/proto/defs.pb.go:780.2,780.18 1 4
github.com/cometbft/cometbft-db/remotedb/proto/defs.pb.go:785.2,785.29 1 4
github.com/cometbft/cometbft-db/remotedb/proto/defs.pb.go:788.2,788.29 1 4
github.com/cometbft/cometbft-db/remotedb/proto/defs.pb.go:791.2,791.27 1 4
github.com/cometbft/cometbft-db/remotedb/proto/defs.pb.go:794.2,794.65 1 4
github.com/cometbft/cometbft-db/remotedb/proto/defs.pb.go:797.2,797.13 1 4
github.com/cometbft/cometbft-db/remotedb/proto/defs.pb.go:767.17,769.3 1 0
github.com/cometbft/cometbft-db/remotedb/proto/defs.pb.go:772.9,774.9 2 0
github.com/cometbft/cometbft-db/remotedb/proto/defs.pb.go:774.9,776.4 1 0
github.com/cometbft/cometbft-db/remotedb/proto/defs.pb.go:776.9,778.4 1 0
github.com/cometbft/cometbft-db/remotedb/proto/defs.pb.go:780.18,782.3 1 0
github.com/cometbft/cometbft-db/remotedb/proto/defs.pb.go:782.8,782.24 1 4
github.com/cometbft/cometbft-db/remotedb/proto/defs.pb.go:782.24,784.3 1 0
github.com/cometbft/cometbft-db/remotedb/proto/defs.pb.go:785.29,787.3 1 0
github.com/cometbft/cometbft-db/remotedb/proto/defs.pb.go:788.29,790.3 1 0
github.com/cometbft/cometbft-db/remotedb/proto/defs.pb.go:791.27,793.3 1 0
github.com/cometbft/cometbft-db/remotedb/proto/defs.pb.go:794.65,796.3 1 0
github.com/cometbft/cometbft-db/remotedb/proto/defs.pb.go:832.48,834.2 1 0
github.com/cometbft/cometbft-db/remotedb/proto/defs.pb.go:836.98,839.16 3 0
github.com/cometbft/cometbft-db/remotedb/proto/defs.pb.go:842.2,842.17 1 0
github.com/cometbft/cometbft-db/remotedb/proto/defs.pb.go:839.16,841.3 1 0
github.com/cometbft/cometbft-db/remotedb/proto/defs.pb.go:845.99,848.16 3 0
github.com/cometbft/cometbft-db/remotedb/proto/defs.pb.go:851.2,851.17 1 0
github.com/cometbft/cometbft-db/remotedb/proto/defs.pb.go:848.16,850.3 1 0
github.com/cometbft/cometbft-db/remotedb/proto/defs.pb.go:854.104,856.16 2 0
github.com/cometbft/cometbft-db/remotedb/proto/defs.pb.go:859.2,860.15 2 0
github.com/cometbft/cometbft-db/remotedb/proto/defs.pb.go:856.16,858.3 1 0
github.com/cometbft/cometbft-db/remotedb/proto/defs.pb.go:873.51,875.2 1 0
github.com/cometbft/cometbft-db/remotedb/proto/defs.pb.go:877.53,879.50 2 0
github.com/cometbft/cometbft-db/remotedb/proto/defs.pb.go:882.2,882.15 1 0
github.com/cometbft/cometbft-db/remotedb/proto/defs.pb.go:879.50,881.3 1 0
github.com/cometbft/cometbft-db/remotedb/proto/defs.pb.go:885.99,888.16 3 0
github.com/cometbft/cometbft-db/remotedb/proto/defs.pb.go:891.2,891.17 1 0
github.com/cometbft/cometbft-db/remotedb/proto/defs.pb.go:888.16,890.3 1 0
github.com/cometbft/cometbft-db/remotedb/proto/defs.pb.go:894.100,897.16 3 0
github.com/cometbft/cometbft-db/remotedb/proto/defs.pb.go:900.2,900.17 1 0
github.com/cometbft/cometbft-db/remotedb/proto/defs.pb.go:897.16,899.3 1 0
github.com/cometbft/cometbft-db/remotedb/proto/defs.pb.go:903.104,906.16 3 0
github.com/cometbft/cometbft-db/remotedb/proto/defs.pb.go:909.2,909.17 1 0
github.com/cometbft/cometbft-db/remotedb/proto/defs.pb.go:906.16,908.3 1 0
github.com/cometbft/cometbft-db/remotedb/proto/defs.pb.go:912.103,915.16 3 0
github.com/cometbft/cometbft-db/remotedb/proto/defs.pb.go:918.2,918.17 1 0
github.com/cometbft/cometbft-db/remotedb/proto/defs.pb.go:915.16,917.3 1 0
github.com/cometbft/cometbft-db/remotedb/proto/defs.pb.go:921.107,924.16 3 0
github.com/cometbft/cometbft-db/remotedb/proto/defs.pb.go:927.2,927.17 1 0
github.com/cometbft/cometbft-db/remotedb/proto/defs.pb.go:924.16,926.3 1 0
github.com/cometbft/cometbft-db/remotedb/proto/defs.pb.go:930.114,932.16 2 0
github.com/cometbft/cometbft-db/remotedb/proto/defs.pb.go:935.2,936.51 2 0
github.com/cometbft/cometbft-db/remotedb/proto/defs.pb.go:939.2,939.51 1 0
github.com/cometbft/cometbft-db/remotedb/proto/defs.pb.go:942.2,942.15 1 0
github.com/cometbft/cometbft-db/remotedb/proto/defs.pb.go:932.16,934.3 1 0
github.com/cometbft/cometbft-db/remotedb/proto/defs.pb.go:936.51,938.3 1 0
github.com/cometbft/cometbft-db/remotedb/proto/defs.pb.go:939.51,941.3 1 0
github.com/cometbft/cometbft-db/remotedb/proto/defs.pb.go:954.54,956.50 2 0
github.com/cometbft/cometbft-db/remotedb/proto/defs.pb.go:959.2,959.15 1 0
github.com/cometbft/cometbft-db/remotedb/proto/defs.pb.go:956.50,958.3 1 0
github.com/cometbft/cometbft-db/remotedb/proto/defs.pb.go:962.128,964.16 2 0
github.com/cometbft/cometbft-db/remotedb/proto/defs.pb.go:967.2,968.51 2 0
github.com/cometbft/cometbft-db/remotedb/proto/defs.pb.go:971.2,971.51 1 0
github.com/cometbft/cometbft-db/remotedb/proto/defs.pb.go:974.2,974.15 1 0
github.com/cometbft/cometbft-db/remotedb/proto/defs.pb.go:964.16,966.3 1 0
github.com/cometbft/cometbft-db/remotedb/proto/defs.pb.go:968.51,970.3 1 0
github.com/cometbft/cometbft-db/remotedb/proto/defs.pb.go:971.51,973.3 1 0
github.com/cometbft/cometbft-db/remotedb/proto/defs.pb.go:986.61,988.50 2 0
github.com/cometbft/cometbft-db/remotedb/proto/defs.pb.go:991.2,991.15 1 0
github.com/cometbft/cometbft-db/remotedb/proto/defs.pb.go:988.50,990.3 1 0
github.com/cometbft/cometbft-db/remotedb/proto/defs.pb.go:994.101,997.16 3 0
github.com/cometbft/cometbft-db/remotedb/proto/defs.pb.go:1000.2,1000.17 1 0
github.com/cometbft/cometbft-db/remotedb/proto/defs.pb.go:997.16,999.3 1 0
github.com/cometbft/cometbft-db/remotedb/proto/defs.pb.go:1003.106,1006.16 3 0
github.com/cometbft/cometbft-db/remotedb/proto/defs.pb.go:1009.2,1009.17 1 0
github.com/cometbft/cometbft-db/remotedb/proto/defs.pb.go:1006.16,1008.3 1 0
github.com/cometbft/cometbft-db/remotedb/proto/defs.pb.go:1012.110,1015.16 3 0
github.com/cometbft/cometbft-db/remotedb/proto/defs.pb.go:1018.2,1018.17 1 0
github.com/cometbft/cometbft-db/remotedb/proto/defs.pb.go:1015.16,1017.3 1 0
github.com/cometbft/cometbft-db/remotedb/proto/defs.pb.go:1043.85,1045.2 1 0
github.com/cometbft/cometbft-db/remotedb/proto/defs.pb.go:1046.86,1048.2 1 0
github.com/cometbft/cometbft-db/remotedb/proto/defs.pb.go:1049.71,1051.2 1 0
github.com/cometbft/cometbft-db/remotedb/proto/defs.pb.go:1052.86,1054.2 1 0
github.com/cometbft/cometbft-db/remotedb/proto/defs.pb.go:1055.87,1057.2 1 0
github.com/cometbft/cometbft-db/remotedb/proto/defs.pb.go:1058.91,1060.2 1 0
github.com/cometbft/cometbft-db/remotedb/proto/defs.pb.go:1061.90,1063.2 1 0
github.com/cometbft/cometbft-db/remotedb/proto/defs.pb.go:1064.94,1066.2 1 0
github.com/cometbft/cometbft-db/remotedb/proto/defs.pb.go:1067.82,1069.2 1 0
github.com/cometbft/cometbft-db/remotedb/proto/defs.pb.go:1070.96,1072.2 1 0
github.com/cometbft/cometbft-db/remotedb/proto/defs.pb.go:1073.88,1075.2 1 0
github.com/cometbft/cometbft-db/remotedb/proto/defs.pb.go:1076.93,1078.2 1 0
github.com/cometbft/cometbft-db/remotedb/proto/defs.pb.go:1079.97,1081.2 1 0
github.com/cometbft/cometbft-db/remotedb/proto/defs.pb.go:1083.53,1085.2 1 0
github.com/cometbft/cometbft-db/remotedb/proto/defs.pb.go:1087.152,1089.32 2 0
github.com/cometbft/cometbft-db/remotedb/proto/defs.pb.go:1092.2,1092.24 1 0
github.com/cometbft/cometbft-db/remotedb/proto/defs.pb.go:1095.2,1099.77 2 0
github.com/cometbft/cometbft-db/remotedb/proto/defs.pb.go:1102.2,1102.44 1 0
github.com/cometbft/cometbft-db/remotedb/proto/defs.pb.go:1089.32,1091.3 1 0
github.com/cometbft/cometbft-db/remotedb/proto/defs.pb.go:1092.24,1094.3 1 0
github.com/cometbft/cometbft-db/remotedb/proto/defs.pb.go:1099.77,1101.3 1 0
github.com/cometbft/cometbft-db/remotedb/proto/defs.pb.go:1105.151,1107.32 2 0
github.com/cometbft/cometbft-db/remotedb/proto/defs.pb.go:1110.2,1110.24 1 0
github.com/cometbft/cometbft-db/remotedb/proto/defs.pb.go:1113.2,1117.77 2 0
github.com/cometbft/cometbft-db/remotedb/proto/defs.pb.go:1120.2,1120.44 1 0
github.com/cometbft/cometbft-db/remotedb/proto/defs.pb.go:1107.32,1109.3 1 0
github.com/cometbft/cometbft-db/remotedb/proto/defs.pb.go:1110.24,1112.3 1 0
github.com/cometbft/cometbft-db/remotedb/proto/defs.pb.go:1117.77,1119.3 1 0
github.com/cometbft/cometbft-db/remotedb/proto/defs.pb.go:1123.77,1125.2 1 0
github.com/cometbft/cometbft-db/remotedb/proto/defs.pb.go:1137.51,1139.2 1 0
github.com/cometbft/cometbft-db/remotedb/proto/defs.pb.go:1141.53,1143.50 2 0
github.com/cometbft/cometbft-db/remotedb/proto/defs.pb.go:1146.2,1146.15 1 0
github.com/cometbft/cometbft-db/remotedb/proto/defs.pb.go:1143.50,1145.3 1 0
github.com/cometbft/cometbft-db/remotedb/proto/defs.pb.go:1149.151,1151.32 2 0
github.com/cometbft/cometbft-db/remotedb/proto/defs.pb.go:1154.2,1154.24 1 0
github.com/cometbft/cometbft-db/remotedb/proto/defs.pb.go:1157.2,1161.77 2 0
github.com/cometbft/cometbft-db/remotedb/proto/defs.pb.go:1164.2,1164.44 1 0
github.com/cometbft/cometbft-db/remotedb/proto/defs.pb.go:1151.32,1153.3 1 0
github.com/cometbft/cometbft-db/remotedb/proto/defs.pb.go:1154.24,1156.3 1 0
github.com/cometbft/cometbft-db/remotedb/proto/defs.pb.go:1161.77,1163.3 1 0
github.com/cometbft/cometbft-db/remotedb/proto/defs.pb.go:1167.151,1169.32 2 0
github.com/cometbft/cometbft-db/remotedb/proto/defs.pb.go:1172.2,1172.24 1 0
github.com/cometbft/cometbft-db/remotedb/proto/defs.pb.go:1175.2,1179.77 2 0
github.com/cometbft/cometbft-db/remotedb/proto/defs.pb.go:1182.2,1182.44 1 0
github.com/cometbft/cometbft-db/remotedb/proto/defs.pb.go:1169.32,1171.3 1 0
github.com/cometbft/cometbft-db/remotedb/proto/defs.pb.go:1172.24,1174.3 1 0
github.com/cometbft/cometbft-db/remotedb/proto/defs.pb.go:1179.77,1181.3 1 0
github.com/cometbft/cometbft-db/remotedb/proto/defs.pb.go:1185.155,1187.32 2 0
github.com/cometbft/cometbft-db/remotedb/proto/defs.pb.go:1190.2,1190.24 1 0
github.com/cometbft/cometbft-db/remotedb/proto/defs.pb.go:1193.2,1197.77 2 0
github.com/cometbft/cometbft-db/remotedb/proto/defs.pb.go:1200.2,1200.44 1 0
github.com/cometbft/cometbft-db/remotedb/proto/defs.pb.go:1187.32,1189.3 1 0
github.com/cometbft/cometbft-db/remotedb/proto/defs.pb.go:1190.24,1192.3 1 0
github.com/cometbft/cometbft-db/remotedb/proto/defs.pb.go:1197.77,1199.3 1 0
github.com/cometbft/cometbft-db/remotedb/proto/defs.pb.go:1203.154,1205.32 2 0
github.com/cometbft/cometbft-db/remotedb/proto/defs.pb.go:1208.2,1208.24 1 0
github.com/cometbft/cometbft-db/remotedb/proto/defs.pb.go:1211.2,1215.77 2 0
github.com/cometbft/cometbft-db/remotedb/proto/defs.pb.go:1218.2,1218.44 1 0
github.com/cometbft/cometbft-db/remotedb/proto/defs.pb.go:1205.32,1207.3 1 0
github.com/cometbft/cometbft-db/remotedb/proto/defs.pb.go:1208.24,1210.3 1 0
github.com/cometbft/cometbft-db/remotedb/proto/defs.pb.go:1215.77,1217.3 1 0
github.com/cometbft/cometbft-db/remotedb/proto/defs.pb.go:1221.158,1223.32 2 0
github.com/cometbft/cometbft-db/remotedb/proto/defs.pb.go:1226.2,1226.24 1 0
github.com/cometbft/cometbft-db/remotedb/proto/defs.pb.go:1229.2,1233.77 2 0
github.com/cometbft/cometbft-db/remotedb/proto/defs.pb.go:1236.2,1236.44 1 0
github.com/cometbft/cometbft-db/remotedb/proto/defs.pb.go:1223.32,1225.3 1 0
github.com/cometbft/cometbft-db/remotedb/proto/defs.pb.go:1226.24,1228.3 1 0
github.com/cometbft/cometbft-db/remotedb/proto/defs.pb.go:1233.77,1235.3 1 0
github.com/cometbft/cometbft-db/remotedb/proto/defs.pb.go:1239.76,1241.42 2 0
github.com/cometbft/cometbft-db/remotedb/proto/defs.pb.go:1244.2,1244.62 1 0
github.com/cometbft/cometbft-db/remotedb/proto/defs.pb.go:1241.42,1243.3 1 0
github.com/cometbft/cometbft-db/remotedb/proto/defs.pb.go:1256.52,1258.2 1 0
github.com/cometbft/cometbft-db/remotedb/proto/defs.pb.go:1260.83,1262.42 2 0
github.com/cometbft/cometbft-db/remotedb/proto/defs.pb.go:1265.2,1265.76 1 0
github.com/cometbft/cometbft-db/remotedb/proto/defs.pb.go:1262.42,1264.3 1 0
github.com/cometbft/cometbft-db/remotedb/proto/defs.pb.go:1277.59,1279.2 1 0
github.com/cometbft/cometbft-db/remotedb/proto/defs.pb.go:1281.153,1283.32 2 0
github.com/cometbft/cometbft-db/remotedb/proto/defs.pb.go:1286.2,1286.24 1 0
github.com/cometbft/cometbft-db/remotedb/proto/defs.pb.go:1289.2,1293.77 2 0
github.com/cometbft/cometbft-db/remotedb/proto/defs.pb.go:1296.2,1296.44 1 0
github.com/cometbft/cometbft-db/remotedb/proto/defs.pb.go:1283.32,1285.3 1 0
github.com/cometbft/cometbft-db/remotedb/proto/defs.pb.go:1286.24,1288.3 1 0
github.com/cometbft/cometbft-db/remotedb/proto/defs.pb.go:1293.77,1295.3 1 0
github.com/cometbft/cometbft-db/remotedb/proto/defs.pb.go:1299.158,1301.32 2 0
github.com/cometbft/cometbft-db/remotedb/proto/defs.pb.go:1304.2,1304.24 1 0
github.com/cometbft/cometbft-db/remotedb/proto/defs.pb.go:1307.2,1311.77 2 0
github.com/cometbft/cometbft-db/remotedb/proto/defs.pb.go:1314.2,1314.44 1 0
github.com/cometbft/cometbft-db/remotedb/proto/defs.pb.go:1301.32,1303.3 1 0
github.com/cometbft/cometbft-db/remotedb/proto/defs.pb.go:1304.24,1306.3 1 0
github.com/cometbft/cometbft-db/remotedb/proto/defs.pb.go:1311.77,1313.3 1 0
github.com/cometbft/cometbft-db/remotedb/proto/defs.pb.go:1317.162,1319.32 2 0
github.com/cometbft/cometbft-db/remotedb/proto/defs.pb.go:1322.2,1322.24 1 0
github.com/cometbft/cometbft-db/remotedb/proto/defs.pb.go:1325.2,1329.77 2 0
github.com/cometbft/cometbft-db/remotedb/proto/defs.pb.go:1332.2,1332.44 1 0
github.com/cometbft/cometbft-db/remotedb/proto/defs.pb.go:1319.32,1321.3 1 0
github.com/cometbft/cometbft-db/remotedb/proto/defs.pb.go:1322.24,1324.3 1 0
github.com/cometbft/cometbft-db/remotedb/proto/defs.pb.go:1329.77,1331.3 1 0
github.com/cometbft/cometbft-db/remotedb/proto/defs.pb.go:1401.55,1403.20 2 4
github.com/cometbft/cometbft-db/remotedb/proto/defs.pb.go:1410.2,1410.30 1 4
github.com/cometbft/cometbft-db/remotedb/proto/defs.pb.go:1413.2,1413.13 1 4
github.com/cometbft/cometbft-db/remotedb/proto/defs.pb.go:1403.20,1406.27 3 3
github.com/cometbft/cometbft-db/remotedb/proto/defs.pb.go:1406.27,1408.4 1 4
github.com/cometbft/cometbft-db/remotedb/proto/defs.pb.go:1410.30,1412.3 1 1
github.com/cometbft/cometbft-db/remotedb/proto/defs.pb.go:1416.63,1418.20 2 8
github.com/cometbft/cometbft-db/remotedb/proto/defs.pb.go:1421.2,1422.30 2 8
github.com/cometbft/cometbft-db/remotedb/proto/defs.pb.go:1425.2,1425.13 1 8
github.com/cometbft/cometbft-db/remotedb/proto/defs.pb.go:1418.20,1420.3 1 6
github.com/cometbft/cometbft-db/remotedb/proto/defs.pb.go:1422.30,1424.3 1 2
github.com/cometbft/cometbft-db/remotedb/proto/defs.pb.go:1428.57,1431.20 3 10
github.com/cometbft/cometbft-db/remotedb/proto/defs.pb.go:1434.2,1436.26 3 10
github.com/cometbft/cometbft-db/remotedb/proto/defs.pb.go:1439.2,1441.26 3 10
github.com/cometbft/cometbft-db/remotedb/proto/defs.pb.go:1444.2,1447.26 4 10
github.com/cometbft/cometbft-db/remotedb/proto/defs.pb.go:1450.2,1452.26 3 10
github.com/cometbft/cometbft-db/remotedb/proto/defs.pb.go:1455.2,1457.20 3 10
github.com/cometbft/cometbft-db/remotedb/proto/defs.pb.go:1460.2,1460.30 1 10
github.com/cometbft/cometbft-db/remotedb/proto/defs.pb.go:1463.2,1463.13 1 10
github.com/cometbft/cometbft-db/remotedb/proto/defs.pb.go:1431.20,1433.3 1 7
github.com/cometbft/cometbft-db/remotedb/proto/defs.pb.go:1436.26,1438.3 1 336
github.com/cometbft/cometbft-db/remotedb/proto/defs.pb.go:1441.26,1443.3 1 453
github.com/cometbft/cometbft-db/remotedb/proto/defs.pb.go:1447.26,1449.3 1 462
github.com/cometbft/cometbft-db/remotedb/proto/defs.pb.go:1452.26,1454.3 1 629
github.com/cometbft/cometbft-db/remotedb/proto/defs.pb.go:1457.20,1459.3 1 6
github.com/cometbft/cometbft-db/remotedb/proto/defs.pb.go:1460.30,1462.3 1 3
github.com/cometbft/cometbft-db/remotedb/proto/defs.pb.go:1466.59,1468.30 2 4
github.com/cometbft/cometbft-db/remotedb/proto/defs.pb.go:1471.2,1471.13 1 4
github.com/cometbft/cometbft-db/remotedb/proto/defs.pb.go:1468.30,1470.3 1 0
github.com/cometbft/cometbft-db/remotedb/proto/defs.pb.go:1474.57,1478.26 4 7
github.com/cometbft/cometbft-db/remotedb/proto/defs.pb.go:1481.2,1483.26 3 7
github.com/cometbft/cometbft-db/remotedb/proto/defs.pb.go:1486.2,1486.30 1 7
github.com/cometbft/cometbft-db/remotedb/proto/defs.pb.go:1489.2,1489.13 1 7
github.com/cometbft/cometbft-db/remotedb/proto/defs.pb.go:1478.26,1480.3 1 368
github.com/cometbft/cometbft-db/remotedb/proto/defs.pb.go:1483.26,1485.3 1 340
github.com/cometbft/cometbft-db/remotedb/proto/defs.pb.go:1486.30,1488.3 1 1
github.com/cometbft/cometbft-db/remotedb/proto/defs.pb.go:1492.61,1494.20 2 4
github.com/cometbft/cometbft-db/remotedb/proto/defs.pb.go:1497.2,1500.26 4 4
github.com/cometbft/cometbft-db/remotedb/proto/defs.pb.go:1503.2,1505.26 3 4
github.com/cometbft/cometbft-db/remotedb/proto/defs.pb.go:1508.2,1508.30 1 4
github.com/cometbft/cometbft-db/remotedb/proto/defs.pb.go:1511.2,1511.13 1 4
github.com/cometbft/cometbft-db/remotedb/proto/defs.pb.go:1494.20,1496.3 1 3
github.com/cometbft/cometbft-db/remotedb/proto/defs.pb.go:1500.26,1502.3 1 157
github.com/cometbft/cometbft-db/remotedb/proto/defs.pb.go:1505.26,1507.3 1 178
github.com/cometbft/cometbft-db/remotedb/proto/defs.pb.go:1508.30,1510.3 1 1
github.com/cometbft/cometbft-db/remotedb/proto/defs.pb.go:1514.55,1516.20 2 4
github.com/cometbft/cometbft-db/remotedb/proto/defs.pb.go:1523.2,1524.20 2 4
github.com/cometbft/cometbft-db/remotedb/proto/defs.pb.go:1527.2,1527.30 1 4
github.com/cometbft/cometbft-db/remotedb/proto/defs.pb.go:1530.2,1530.13 1 4
github.com/cometbft/cometbft-db/remotedb/proto/defs.pb.go:1516.20,1519.28 3 3
github.com/cometbft/cometbft-db/remotedb/proto/defs.pb.go:1519.28,1521.4 1 4
github.com/cometbft/cometbft-db/remotedb/proto/defs.pb.go:1524.20,1526.3 1 0
github.com/cometbft/cometbft-db/remotedb/proto/defs.pb.go:1527.30,1529.3 1 1
github.com/cometbft/cometbft-db/remotedb/proto/defs.pb.go:1533.53,1538.30 5 4
github.com/cometbft/cometbft-db/remotedb/proto/defs.pb.go:1541.2,1541.13 1 4
github.com/cometbft/cometbft-db/remotedb/proto/defs.pb.go:1538.30,1540.3 1 1
github.com/cometbft/cometbft-db/remotedb/proto/defs.pb.go:1553.41,1555.13 2 1265
github.com/cometbft/cometbft-db/remotedb/proto/defs.pb.go:1560.2,1560.22 1 550
github.com/cometbft/cometbft-db/remotedb/proto/defs.pb.go:1555.13,1557.3 1 199
github.com/cometbft/cometbft-db/remotedb/proto/defs.pb.go:1557.8,1557.20 1 1066
github.com/cometbft/cometbft-db/remotedb/proto/defs.pb.go:1557.20,1559.3 1 516
github.com/cometbft/cometbft-db/remotedb/proto/defs.pb.go:1562.41,1565.27 3 30
github.com/cometbft/cometbft-db/remotedb/proto/defs.pb.go:1568.2,1568.21 1 30
github.com/cometbft/cometbft-db/remotedb/proto/defs.pb.go:1565.27,1567.3 1 1265
github.com/cometbft/cometbft-db/remotedb/proto/defs.pb.go:1570.74,1572.25 2 10
github.com/cometbft/cometbft-db/remotedb/proto/defs.pb.go:1580.2,1580.13 1 10
github.com/cometbft/cometbft-db/remotedb/proto/defs.pb.go:1572.25,1574.16 2 16
github.com/cometbft/cometbft-db/remotedb/proto/defs.pb.go:1577.3,1578.51 2 16
github.com/cometbft/cometbft-db/remotedb/proto/defs.pb.go:1574.16,1576.4 1 6
github.com/cometbft/cometbft-db/remotedb/proto/defs.pb.go:1582.80,1584.14 2 16
github.com/cometbft/cometbft-db/remotedb/proto/defs.pb.go:1606.2,1606.13 1 16
github.com/cometbft/cometbft-db/remotedb/proto/defs.pb.go:1585.9,1588.21 3 3
github.com/cometbft/cometbft-db/remotedb/proto/defs.pb.go:1591.3,1591.53 1 3
github.com/cometbft/cometbft-db/remotedb/proto/defs.pb.go:1592.9,1594.174 2 2
github.com/cometbft/cometbft-db/remotedb/proto/defs.pb.go:1595.9,1599.27 4 5
github.com/cometbft/cometbft-db/remotedb/proto/defs.pb.go:1602.10,1604.98 2 6
github.com/cometbft/cometbft-db/remotedb/proto/defs.pb.go:1588.21,1590.4 1 2
github.com/cometbft/cometbft-db/remotedb/proto/defs.pb.go:1599.27,1601.4 1 340
github.com/cometbft/cometbft-db/remotedb/proto/defs.pb.go:1608.61,1609.16 1 24
github.com/cometbft/cometbft-db/remotedb/proto/defs.pb.go:1613.2,1614.13 2 24
github.com/cometbft/cometbft-db/remotedb/proto/defs.pb.go:1609.16,1612.3 2 41
github.com/cometbft/cometbft-db/remotedb/grpcdb/client.go:12.73,14.16 2 0
github.com/cometbft/cometbft-db/remotedb/grpcdb/client.go:17.2,18.16 2 0
github.com/cometbft/cometbft-db/remotedb/grpcdb/client.go:21.2,21.37 1 0
github.com/cometbft/cometbft-db/remotedb/grpcdb/client.go:14.16,16.3 1 0
github.com/cometbft/cometbft-db/remotedb/grpcdb/client.go:18.16,20.3 1 0
github.com/cometbft/cometbft-db/remotedb/grpcdb/server.go:19.78,21.16 2 0
github.com/cometbft/cometbft-db/remotedb/grpcdb/server.go:24.2,25.16 2 0
github.com/cometbft/cometbft-db/remotedb/grpcdb/server.go:28.2,28.22 1 0
github.com/cometbft/cometbft-db/remotedb/grpcdb/server.go:21.16,23.3 1 0
github.com/cometbft/cometbft-db/remotedb/grpcdb/server.go:25.16,27.3 1 0
github.com/cometbft/cometbft-db/remotedb/grpcdb/server.go:31.83,33.16 2 0
github.com/cometbft/cometbft-db/remotedb/grpcdb/server.go:36.2,39.17 4 0
github.com/cometbft/cometbft-db/remotedb/grpcdb/server.go:33.16,35.3 1 0
github.com/cometbft/cometbft-db/remotedb/grpcdb/server.go:61.87,67.16 5 0
github.com/cometbft/cometbft-db/remotedb/grpcdb/server.go:70.2,70.59 1 0
github.com/cometbft/cometbft-db/remotedb/grpcdb/server.go:67.16,69.3 1 0
github.com/cometbft/cometbft-db/remotedb/grpcdb/server.go:73.92,75.16 2 0
github.com/cometbft/cometbft-db/remotedb/grpcdb/server.go:78.2,78.21 1 0
github.com/cometbft/cometbft-db/remotedb/grpcdb/server.go:75.16,77.3 1 0
github.com/cometbft/cometbft-db/remotedb/grpcdb/server.go:83.96,85.16 2 0
github.com/cometbft/cometbft-db/remotedb/grpcdb/server.go:88.2,88.21 1 0
github.com/cometbft/cometbft-db/remotedb/grpcdb/server.go:85.16,87.3 1 0
github.com/cometbft/cometbft-db/remotedb/grpcdb/server.go:91.88,93.16 2 0
github.com/cometbft/cometbft-db/remotedb/grpcdb/server.go:96.2,96.43 1 0
github.com/cometbft/cometbft-db/remotedb/grpcdb/server.go:93.16,95.3 1 0
github.com/cometbft/cometbft-db/remotedb/grpcdb/server.go:99.65,102.12 2 0
github.com/cometbft/cometbft-db/remotedb/grpcdb/server.go:128.2,128.33 1 0
github.com/cometbft/cometbft-db/remotedb/grpcdb/server.go:133.2,133.12 1 0
github.com/cometbft/cometbft-db/remotedb/grpcdb/server.go:102.12,105.7 3 0
github.com/cometbft/cometbft-db/remotedb/grpcdb/server.go:105.7,107.18 2 0
github.com/cometbft/cometbft-db/remotedb/grpcdb/server.go:111.4,112.18 2 0
github.com/cometbft/cometbft-db/remotedb/grpcdb/server.go:123.4,123.24 1 0
github.com/cometbft/cometbft-db/remotedb/grpcdb/server.go:107.18,110.5 2 0
github.com/cometbft/cometbft-db/remotedb/grpcdb/server.go:112.18,113.19 1 0
github.com/cometbft/cometbft-db/remotedb/grpcdb/server.go:117.5,119.11 3 0
github.com/cometbft/cometbft-db/remotedb/grpcdb/server.go:113.19,116.6 2 0
github.com/cometbft/cometbft-db/remotedb/grpcdb/server.go:128.33,129.38 1 0
github.com/cometbft/cometbft-db/remotedb/grpcdb/server.go:129.38,131.4 1 0
github.com/cometbft/cometbft-db/remotedb/grpcdb/server.go:136.88,138.16 2 0
github.com/cometbft/cometbft-db/remotedb/grpcdb/server.go:141.2,141.45 1 0
github.com/cometbft/cometbft-db/remotedb/grpcdb/server.go:138.16,140.3 1 0
github.com/cometbft/cometbft-db/remotedb/grpcdb/server.go:144.89,146.16 2 0
github.com/cometbft/cometbft-db/remotedb/grpcdb/server.go:149.2,149.21 1 0
github.com/cometbft/cometbft-db/remotedb/grpcdb/server.go:146.16,148.3 1 0
github.com/cometbft/cometbft-db/remotedb/grpcdb/server.go:152.93,154.16 2 0
github.com/cometbft/cometbft-db/remotedb/grpcdb/server.go:157.2,157.21 1 0
github.com/cometbft/cometbft-db/remotedb/grpcdb/server.go:154.16,156.3 1 0
github.com/cometbft/cometbft-db/remotedb/grpcdb/server.go:160.87,162.16 2 0
github.com/cometbft/cometbft-db/remotedb/grpcdb/server.go:165.2,166.39 2 0
github.com/cometbft/cometbft-db/remotedb/grpcdb/server.go:162.16,164.3 1 0
github.com/cometbft/cometbft-db/remotedb/grpcdb/server.go:169.95,170.17 1 0
github.com/cometbft/cometbft-db/remotedb/grpcdb/server.go:189.2,189.12 1 0
github.com/cometbft/cometbft-db/remotedb/grpcdb/server.go:170.17,181.39 5 0
github.com/cometbft/cometbft-db/remotedb/grpcdb/server.go:186.3,186.12 1 0
github.com/cometbft/cometbft-db/remotedb/grpcdb/server.go:181.39,183.4 1 0
github.com/cometbft/cometbft-db/remotedb/grpcdb/server.go:192.101,194.16 2 0
github.com/cometbft/cometbft-db/remotedb/grpcdb/server.go:197.2,198.39 2 0
github.com/cometbft/cometbft-db/remotedb/grpcdb/server.go:194.16,196.3 1 0
github.com/cometbft/cometbft-db/remotedb/grpcdb/server.go:201.83,204.2 2 0
github.com/cometbft/cometbft-db/remotedb/grpcdb/server.go:206.92,208.2 1 0
github.com/cometbft/cometbft-db/remotedb/grpcdb/server.go:210.96,212.2 1 0
github.com/cometbft/cometbft-db/remotedb/grpcdb/server.go:214.103,217.27 3 0
github.com/cometbft/cometbft-db/remotedb/grpcdb/server.go:231.2,231.10 1 0
github.com/cometbft/cometbft-db/remotedb/grpcdb/server.go:242.2,242.21 1 0
github.com/cometbft/cometbft-db/remotedb/grpcdb/server.go:217.27,218.18 1 0
github.com/cometbft/cometbft-db/remotedb/grpcdb/server.go:219.30,221.18 2 0
github.com/cometbft/cometbft-db/remotedb/grpcdb/server.go:224.33,226.18 2 0
github.com/cometbft/cometbft-db/remotedb/grpcdb/server.go:221.18,223.5 1 0
github.com/cometbft/cometbft-db/remotedb/grpcdb/server.go:226.18,228.5 1 0
github.com/cometbft/cometbft-db/remotedb/grpcdb/server.go:231.10,233.17 2 0
github.com/cometbft/cometbft-db/remotedb/grpcdb/server.go:233.17,235.4 1 0
github.com/cometbft/cometbft-db/remotedb/grpcdb/server.go:236.8,238.17 2 0
github.com/cometbft/cometbft-db/remotedb/grpcdb/server.go:238.17,240.4 1 0
github.com/cometbft/cometbft-db/remotedb/batch.go:20.37,25.2 1 3
github.com/cometbft/cometbft-db/remotedb/batch.go:28.46,29.18 1 4
github.com/cometbft/cometbft-db/remotedb/batch.go:32.2,37.12 3 4
github.com/cometbft/cometbft-db/remotedb/batch.go:29.18,31.3 1 0
github.com/cometbft/cometbft-db/remotedb/batch.go:41.42,42.18 1 3
github.com/cometbft/cometbft-db/remotedb/batch.go:45.2,50.12 3 3
github.com/cometbft/cometbft-db/remotedb/batch.go:42.18,44.3 1 0
github.com/cometbft/cometbft-db/remotedb/batch.go:54.31,55.18 1 1
github.com/cometbft/cometbft-db/remotedb/batch.go:58.2,59.16 2 1
github.com/cometbft/cometbft-db/remotedb/batch.go:63.2,64.12 2 1
github.com/cometbft/cometbft-db/remotedb/batch.go:55.18,57.3 1 0
github.com/cometbft/cometbft-db/remotedb/batch.go:59.16,61.3 1 0
github.com/cometbft/cometbft-db/remotedb/batch.go:68.35,69.18 1 2
github.com/cometbft/cometbft-db/remotedb/batch.go:72.2,73.16 2 2
github.com/cometbft/cometbft-db/remotedb/batch.go:77.2,77.18 1 2
github.com/cometbft/cometbft-db/remotedb/batch.go:69.18,71.3 1 0
github.com/cometbft/cometbft-db/remotedb/batch.go:73.16,75.3 1 0
github.com/cometbft/cometbft-db/remotedb/batch.go:81.31,84.2 2 3
github.com/cometbft/cometbft-db/remotedb/iterator.go:8.62,12.2 3 2
github.com/cometbft/cometbft-db/remotedb/iterator.go:14.77,18.2 3 0
github.com/cometbft/cometbft-db/remotedb/iterator.go:29.43,31.2 1 0
github.com/cometbft/cometbft-db/remotedb/iterator.go:34.59,35.47 1 0
github.com/cometbft/cometbft-db/remotedb/iterator.go:38.2,38.51 1 0
github.com/cometbft/cometbft-db/remotedb/iterator.go:35.47,37.3 1 0
github.com/cometbft/cometbft-db/remotedb/iterator.go:42.37,45.16 3 0
github.com/cometbft/cometbft-db/remotedb/iterator.go:45.16,47.3 1 0
github.com/cometbft/cometbft-db/remotedb/iterator.go:51.43,54.2 2 0
github.com/cometbft/cometbft-db/remotedb/iterator.go:57.45,60.2 2 0
github.com/cometbft/cometbft-db/remotedb/iterator.go:63.44,65.2 1 0
github.com/cometbft/cometbft-db/remotedb/iterator.go:68.44,70.2 1 0
github.com/cometbft/cometbft-db/remotedb/iterator.go:72.46,73.19 1 0
github.com/cometbft/cometbft-db/remotedb/iterator.go:73.19,74.31 1 0
github.com/cometbft/cometbft-db/remotedb/iterator.go:91.35,93.2 1 7
github.com/cometbft/cometbft-db/remotedb/iterator.go:96.51,97.45 1 0
github.com/cometbft/cometbft-db/remotedb/iterator.go:100.2,100.49 1 0
github.com/cometbft/cometbft-db/remotedb/iterator.go:97.45,99.3 1 0
github.com/cometbft/cometbft-db/remotedb/iterator.go:104.29,107.16 3 3
github.com/cometbft/cometbft-db/remotedb/iterator.go:107.16,109.3 1 0
github.com/cometbft/cometbft-db/remotedb/iterator.go:113.35,116.2 2 3
github.com/cometbft/cometbft-db/remotedb/iterator.go:119.37,122.2 2 3
github.com/cometbft/cometbft-db/remotedb/iterator.go:125.36,127.2 1 0
github.com/cometbft/cometbft-db/remotedb/iterator.go:130.36,132.2 1 2
github.com/cometbft/cometbft-db/remotedb/iterator.go:134.38,135.18 1 6
github.com/cometbft/cometbft-db/remotedb/iterator.go:135.18,136.31 1 0
github.com/cometbft/cometbft-db/remotedb/remotedb.go:18.74,20.2 1 1
github.com/cometbft/cometbft-db/remotedb/remotedb.go:22.70,23.16 1 1
github.com/cometbft/cometbft-db/remotedb/remotedb.go:26.2,26.59 1 1
github.com/cometbft/cometbft-db/remotedb/remotedb.go:23.16,25.3 1 0
github.com/cometbft/cometbft-db/remotedb/remotedb.go:35.48,38.2 2 1
github.com/cometbft/cometbft-db/remotedb/remotedb.go:43.35,45.2 1 0
github.com/cometbft/cometbft-db/remotedb/remotedb.go:47.46,48.75 1 1
github.com/cometbft/cometbft-db/remotedb/remotedb.go:51.2,51.12 1 1
github.com/cometbft/cometbft-db/remotedb/remotedb.go:48.75,50.3 1 0
github.com/cometbft/cometbft-db/remotedb/remotedb.go:54.50,55.79 1 1
github.com/cometbft/cometbft-db/remotedb/remotedb.go:58.2,58.12 1 1
github.com/cometbft/cometbft-db/remotedb/remotedb.go:55.79,57.3 1 0
github.com/cometbft/cometbft-db/remotedb/remotedb.go:61.50,62.86 1 1
github.com/cometbft/cometbft-db/remotedb/remotedb.go:65.2,65.12 1 1
github.com/cometbft/cometbft-db/remotedb/remotedb.go:62.86,64.3 1 0
github.com/cometbft/cometbft-db/remotedb/remotedb.go:68.54,69.90 1 1
github.com/cometbft/cometbft-db/remotedb/remotedb.go:72.2,72.12 1 1
github.com/cometbft/cometbft-db/remotedb/remotedb.go:69.90,71.3 1 0
github.com/cometbft/cometbft-db/remotedb/remotedb.go:75.53,77.16 2 13
github.com/cometbft/cometbft-db/remotedb/remotedb.go:80.2,80.23 1 13
github.com/cometbft/cometbft-db/remotedb/remotedb.go:77.16,79.3 1 0
github.com/cometbft/cometbft-db/remotedb/remotedb.go:83.51,85.16 2 1
github.com/cometbft/cometbft-db/remotedb/remotedb.go:88.2,88.24 1 1
github.com/cometbft/cometbft-db/remotedb/remotedb.go:85.16,87.3 1 0
github.com/cometbft/cometbft-db/remotedb/remotedb.go:91.77,93.16 2 0
github.com/cometbft/cometbft-db/remotedb/remotedb.go:96.2,96.38 1 0
github.com/cometbft/cometbft-db/remotedb/remotedb.go:93.16,95.3 1 0
github.com/cometbft/cometbft-db/remotedb/remotedb.go:99.41,101.2 1 3
github.com/cometbft/cometbft-db/remotedb/remotedb.go:105.35,107.2 1 0
github.com/cometbft/cometbft-db/remotedb/remotedb.go:109.47,111.32 2 0
github.com/cometbft/cometbft-db/remotedb/remotedb.go:114.2,114.19 1 0
github.com/cometbft/cometbft-db/remotedb/remotedb.go:111.32,113.3 1 0
github.com/cometbft/cometbft-db/remotedb/remotedb.go:117.70,119.16 2 2
github.com/cometbft/cometbft-db/remotedb/remotedb.go:122.2,122.31 1 2
github.com/cometbft/cometbft-db/remotedb/remotedb.go:119.16,121.3 1 0
github.com/cometbft/cometbft-db/rocksdb.go:14.13,15.57 1 1
github.com/cometbft/cometbft-db/rocksdb.go:18.2,18.53 1 1
github.com/cometbft/cometbft-db/rocksdb.go:15.57,17.3 1 17
github.com/cometbft/cometbft-db/rocksdb.go:31.60,46.2 9 17
github.com/cometbft/cometbft-db/rocksdb.go:48.95,51.16 3 17
github.com/cometbft/cometbft-db/rocksdb.go:54.2,58.53 5 17
github.com/cometbft/cometbft-db/rocksdb.go:51.16,53.3 1 0
github.com/cometbft/cometbft-db/rocksdb.go:61.136,68.2 1 17
github.com/cometbft/cometbft-db/rocksdb.go:71.52,72.19 1 112
github.com/cometbft/cometbft-db/rocksdb.go:75.2,76.16 2 108
github.com/cometbft/cometbft-db/rocksdb.go:79.2,79.35 1 108
github.com/cometbft/cometbft-db/rocksdb.go:72.19,74.3 1 4
github.com/cometbft/cometbft-db/rocksdb.go:76.16,78.3 1 0
github.com/cometbft/cometbft-db/rocksdb.go:83.50,85.16 2 4
github.com/cometbft/cometbft-db/rocksdb.go:88.2,88.26 1 2
github.com/cometbft/cometbft-db/rocksdb.go:85.16,87.3 1 2
github.com/cometbft/cometbft-db/rocksdb.go:92.56,93.19 1 114
github.com/cometbft/cometbft-db/rocksdb.go:96.2,96.18 1 112
github.com/cometbft/cometbft-db/rocksdb.go:99.2,100.16 2 111
github.com/cometbft/cometbft-db/rocksdb.go:103.2,103.12 1 111
github.com/cometbft/cometbft-db/rocksdb.go:93.19,95.3 1 2
github.com/cometbft/cometbft-db/rocksdb.go:96.18,98.3 1 1
github.com/cometbft/cometbft-db/rocksdb.go:100.16,102.3 1 0
github.com/cometbft/cometbft-db/rocksdb.go:107.60,108.19 1 18
github.com/cometbft/cometbft-db/rocksdb.go:111.2,111.18 1 16
github.com/cometbft/cometbft-db/rocksdb.go:114.2,115.16 2 15
github.com/cometbft/cometbft-db/rocksdb.go:118.2,118.12 1 15
github.com/cometbft/cometbft-db/rocksdb.go:108.19,110.3 1 2
github.com/cometbft/cometbft-db/rocksdb.go:111.18,113.3 1 1
github.com/cometbft/cometbft-db/rocksdb.go:115.16,117.3 1 0
github.com/cometbft/cometbft-db/rocksdb.go:122.45,123.19 1 4
github.com/cometbft/cometbft-db/rocksdb.go:126.2,127.16 2 2
github.com/cometbft/cometbft-db/rocksdb.go:130.2,130.12 1 2
github.com/cometbft/cometbft-db/rocksdb.go:123.19,125.3 1 2
github.com/cometbft/cometbft-db/rocksdb.go:127.16,129.3 1 0
github.com/cometbft/cometbft-db/rocksdb.go:134.49,135.19 1 4
github.com/cometbft/cometbft-db/rocksdb.go:138.2,139.16 2 2
github.com/cometbft/cometbft-db/rocksdb.go:142.2,142.12 1 2
github.com/cometbft/cometbft-db/rocksdb.go:135.19,137.3 1 2
github.com/cometbft/cometbft-db/rocksdb.go:139.16,141.3 1 0
github.com/cometbft/cometbft-db/rocksdb.go:145.38,147.2 1 0
github.com/cometbft/cometbft-db/rocksdb.go:150.34,156.2 5 0
github.com/cometbft/cometbft-db/rocksdb.go:159.34,161.16 2 0
github.com/cometbft/cometbft-db/rocksdb.go:164.2,165.32 2 0
github.com/cometbft/cometbft-db/rocksdb.go:170.2,170.12 1 0
github.com/cometbft/cometbft-db/rocksdb.go:161.16,163.3 1 0
github.com/cometbft/cometbft-db/rocksdb.go:165.32,169.3 3 0
github.com/cometbft/cometbft-db/rocksdb.go:174.46,177.27 3 1
github.com/cometbft/cometbft-db/rocksdb.go:180.2,180.14 1 1
github.com/cometbft/cometbft-db/rocksdb.go:177.27,179.3 1 1
github.com/cometbft/cometbft-db/rocksdb.go:184.37,186.2 1 5
github.com/cometbft/cometbft-db/rocksdb.go:189.66,190.72 1 28
github.com/cometbft/cometbft-db/rocksdb.go:193.2,194.56 2 26
github.com/cometbft/cometbft-db/rocksdb.go:190.72,192.3 1 2
github.com/cometbft/cometbft-db/rocksdb.go:198.73,199.72 1 20
github.com/cometbft/cometbft-db/rocksdb.go:202.2,203.55 2 18
github.com/cometbft/cometbft-db/rocksdb.go:199.72,201.3 1 2
github.com/cometbft/cometbft-db/rocksdb_iterator.go:21.104,22.15 1 44
github.com/cometbft/cometbft-db/rocksdb_iterator.go:43.2,49.3 1 44
github.com/cometbft/cometbft-db/rocksdb_iterator.go:22.15,23.17 1 18
github.com/cometbft/cometbft-db/rocksdb_iterator.go:23.17,25.4 1 6
github.com/cometbft/cometbft-db/rocksdb_iterator.go:25.9,27.22 2 12
github.com/cometbft/cometbft-db/rocksdb_iterator.go:27.22,29.40 2 11
github.com/cometbft/cometbft-db/rocksdb_iterator.go:29.40,31.6 1 11
github.com/cometbft/cometbft-db/rocksdb_iterator.go:32.10,34.5 1 1
github.com/cometbft/cometbft-db/rocksdb_iterator.go:36.8,37.19 1 26
github.com/cometbft/cometbft-db/rocksdb_iterator.go:37.19,39.4 1 11
github.com/cometbft/cometbft-db/rocksdb_iterator.go:39.9,41.4 1 15
github.com/cometbft/cometbft-db/rocksdb_iterator.go:53.55,55.2 1 0
github.com/cometbft/cometbft-db/rocksdb_iterator.go:58.42,61.19 1 775
github.com/cometbft/cometbft-db/rocksdb_iterator.go:66.2,66.41 1 737
github.com/cometbft/cometbft-db/rocksdb_iterator.go:72.2,72.25 1 737
github.com/cometbft/cometbft-db/rocksdb_iterator.go:78.2,81.19 4 714
github.com/cometbft/cometbft-db/rocksdb_iterator.go:94.2,94.13 1 693
github.com/cometbft/cometbft-db/rocksdb_iterator.go:61.19,63.3 1 38
github.com/cometbft/cometbft-db/rocksdb_iterator.go:66.41,69.3 2 0
github.com/cometbft/cometbft-db/rocksdb_iterator.go:72.25,75.3 2 23
github.com/cometbft/cometbft-db/rocksdb_iterator.go:81.19,82.52 1 163
github.com/cometbft/cometbft-db/rocksdb_iterator.go:82.52,85.4 2 13
github.com/cometbft/cometbft-db/rocksdb_iterator.go:86.8,87.49 1 551
github.com/cometbft/cometbft-db/rocksdb_iterator.go:87.49,90.4 2 8
github.com/cometbft/cometbft-db/rocksdb_iterator.go:98.42,101.2 2 202
github.com/cometbft/cometbft-db/rocksdb_iterator.go:104.44,107.2 2 120
github.com/cometbft/cometbft-db/rocksdb_iterator.go:110.35,112.19 2 207
github.com/cometbft/cometbft-db/rocksdb_iterator.go:112.19,114.3 1 50
github.com/cometbft/cometbft-db/rocksdb_iterator.go:114.8,116.3 1 145
github.com/cometbft/cometbft-db/rocksdb_iterator.go:120.43,122.2 1 7
github.com/cometbft/cometbft-db/rocksdb_iterator.go:125.43,128.2 2 5
github.com/cometbft/cometbft-db/rocksdb_iterator.go:130.45,131.18 1 529
github.com/cometbft/cometbft-db/rocksdb_iterator.go:131.18,132.31 1 32
github.com/cometbft/cometbft-db/rocksdb_iterator.go:139.49,141.17 2 1135
github.com/cometbft/cometbft-db/rocksdb_iterator.go:144.2,146.10 3 1131
github.com/cometbft/cometbft-db/rocksdb_iterator.go:141.17,143.3 1 4
github.com/cometbft/cometbft-db/util.go:8.33,12.2 3 730
github.com/cometbft/cometbft-db/util.go:18.37,19.18 1 58
github.com/cometbft/cometbft-db/util.go:22.2,23.36 2 58
github.com/cometbft/cometbft-db/util.go:34.2,34.12 1 0
github.com/cometbft/cometbft-db/util.go:19.18,20.45 1 0
github.com/cometbft/cometbft-db/util.go:23.36,24.26 1 58
github.com/cometbft/cometbft-db/util.go:28.3,29.13 2 0
github.com/cometbft/cometbft-db/util.go:24.26,27.4 2 58
github.com/cometbft/cometbft-db/util.go:29.13,32.4 1 0
github.com/cometbft/cometbft-db/util.go:38.49,39.35 1 0
github.com/cometbft/cometbft-db/util.go:42.2,42.48 1 0
github.com/cometbft/cometbft-db/util.go:45.2,45.13 1 0
github.com/cometbft/cometbft-db/util.go:39.35,41.3 1 0
github.com/cometbft/cometbft-db/util.go:42.48,44.3 1 0
github.com/cometbft/cometbft-db/util.go:48.39,51.2 2 0
github.com/cometbft/cometbft-db/boltdb.go:19.13,20.70 1 1
github.com/cometbft/cometbft-db/boltdb.go:20.70,22.3 1 14
github.com/cometbft/cometbft-db/boltdb.go:39.46,41.2 1 15
github.com/cometbft/cometbft-db/boltdb.go:45.82,46.19 1 15
github.com/cometbft/cometbft-db/boltdb.go:50.2,52.16 3 15
github.com/cometbft/cometbft-db/boltdb.go:57.2,57.43 1 15
github.com/cometbft/cometbft-db/boltdb.go:61.2,61.16 1 15
github.com/cometbft/cometbft-db/boltdb.go:65.2,65.29 1 15
github.com/cometbft/cometbft-db/boltdb.go:46.19,48.3 1 0
github.com/cometbft/cometbft-db/boltdb.go:52.16,54.3 1 0
github.com/cometbft/cometbft-db/boltdb.go:57.43,60.3 2 15
github.com/cometbft/cometbft-db/boltdb.go:61.16,63.3 1 0
github.com/cometbft/cometbft-db/boltdb.go:69.62,70.19 1 112
github.com/cometbft/cometbft-db/boltdb.go:73.2,73.45 1 108
github.com/cometbft/cometbft-db/boltdb.go:80.2,80.16 1 108
github.com/cometbft/cometbft-db/boltdb.go:83.2,83.8 1 108
github.com/cometbft/cometbft-db/boltdb.go:70.19,72.3 1 4
github.com/cometbft/cometbft-db/boltdb.go:73.45,75.32 2 108
github.com/cometbft/cometbft-db/boltdb.go:78.3,78.13 1 108
github.com/cometbft/cometbft-db/boltdb.go:75.32,77.4 1 104
github.com/cometbft/cometbft-db/boltdb.go:80.16,82.3 1 0
github.com/cometbft/cometbft-db/boltdb.go:87.50,89.16 2 4
github.com/cometbft/cometbft-db/boltdb.go:92.2,92.26 1 2
github.com/cometbft/cometbft-db/boltdb.go:89.16,91.3 1 2
github.com/cometbft/cometbft-db/boltdb.go:96.49,97.19 1 131
github.com/cometbft/cometbft-db/boltdb.go:100.2,100.18 1 127
github.com/cometbft/cometbft-db/boltdb.go:103.2,103.48 1 125
github.com/cometbft/cometbft-db/boltdb.go:107.2,107.16 1 125
github.com/cometbft/cometbft-db/boltdb.go:110.2,110.12 1 125
github.com/cometbft/cometbft-db/boltdb.go:97.19,99.3 1 4
github.com/cometbft/cometbft-db/boltdb.go:100.18,102.3 1 2
github.com/cometbft/cometbft-db/boltdb.go:103.48,106.3 2 125
github.com/cometbft/cometbft-db/boltdb.go:107.16,109.3 1 0
github.com/cometbft/cometbft-db/boltdb.go:114.53,116.2 1 17
github.com/cometbft/cometbft-db/boltdb.go:119.45,120.19 1 8
github.com/cometbft/cometbft-db/boltdb.go:123.2,123.48 1 4
github.com/cometbft/cometbft-db/boltdb.go:126.2,126.16 1 4
github.com/cometbft/cometbft-db/boltdb.go:129.2,129.12 1 4
github.com/cometbft/cometbft-db/boltdb.go:120.19,122.3 1 4
github.com/cometbft/cometbft-db/boltdb.go:123.48,125.3 1 4
github.com/cometbft/cometbft-db/boltdb.go:126.16,128.3 1 0
github.com/cometbft/cometbft-db/boltdb.go:133.49,135.2 1 4
github.com/cometbft/cometbft-db/boltdb.go:138.34,140.2 1 1
github.com/cometbft/cometbft-db/boltdb.go:143.34,147.46 3 0
github.com/cometbft/cometbft-db/boltdb.go:154.2,154.16 1 0
github.com/cometbft/cometbft-db/boltdb.go:157.2,157.12 1 0
github.com/cometbft/cometbft-db/boltdb.go:147.46,148.53 1 0
github.com/cometbft/cometbft-db/boltdb.go:152.3,152.13 1 0
github.com/cometbft/cometbft-db/boltdb.go:148.53,151.4 2 0
github.com/cometbft/cometbft-db/boltdb.go:154.16,156.3 1 0
github.com/cometbft/cometbft-db/boltdb.go:161.46,176.2 9 0
github.com/cometbft/cometbft-db/boltdb.go:179.37,181.2 1 5
github.com/cometbft/cometbft-db/boltdb.go:185.66,186.72 1 27
github.com/cometbft/cometbft-db/boltdb.go:189.2,190.16 2 25
github.com/cometbft/cometbft-db/boltdb.go:193.2,193.54 1 25
github.com/cometbft/cometbft-db/boltdb.go:186.72,188.3 1 2
github.com/cometbft/cometbft-db/boltdb.go:190.16,192.3 1 0
github.com/cometbft/cometbft-db/boltdb.go:198.73,199.72 1 20
github.com/cometbft/cometbft-db/boltdb.go:202.2,203.16 2 18
github.com/cometbft/cometbft-db/boltdb.go:206.2,206.53 1 18
github.com/cometbft/cometbft-db/boltdb.go:199.72,201.3 1 2
github.com/cometbft/cometbft-db/boltdb.go:203.16,205.3 1 0
github.com/cometbft/cometbft-db/goleveldb.go:13.13,14.57 1 1
github.com/cometbft/cometbft-db/goleveldb.go:17.2,17.55 1 1
github.com/cometbft/cometbft-db/goleveldb.go:14.57,16.3 1 16
github.com/cometbft/cometbft-db/goleveldb.go:26.64,28.2 1 18
github.com/cometbft/cometbft-db/goleveldb.go:30.88,33.16 3 20
github.com/cometbft/cometbft-db/goleveldb.go:36.2,39.22 2 19
github.com/cometbft/cometbft-db/goleveldb.go:33.16,35.3 1 1
github.com/cometbft/cometbft-db/goleveldb.go:43.54,44.19 1 112
github.com/cometbft/cometbft-db/goleveldb.go:47.2,48.16 2 108
github.com/cometbft/cometbft-db/goleveldb.go:54.2,54.17 1 104
github.com/cometbft/cometbft-db/goleveldb.go:44.19,46.3 1 4
github.com/cometbft/cometbft-db/goleveldb.go:48.16,49.32 1 4
github.com/cometbft/cometbft-db/goleveldb.go:52.3,52.18 1 0
github.com/cometbft/cometbft-db/goleveldb.go:49.32,51.4 1 4
github.com/cometbft/cometbft-db/goleveldb.go:58.52,60.16 2 4
github.com/cometbft/cometbft-db/goleveldb.go:63.2,63.26 1 2
github.com/cometbft/cometbft-db/goleveldb.go:60.16,62.3 1 2
github.com/cometbft/cometbft-db/goleveldb.go:67.58,68.19 1 114
github.com/cometbft/cometbft-db/goleveldb.go:71.2,71.18 1 112
github.com/cometbft/cometbft-db/goleveldb.go:74.2,74.51 1 111
github.com/cometbft/cometbft-db/goleveldb.go:77.2,77.12 1 111
github.com/cometbft/cometbft-db/goleveldb.go:68.19,70.3 1 2
github.com/cometbft/cometbft-db/goleveldb.go:71.18,73.3 1 1
github.com/cometbft/cometbft-db/goleveldb.go:74.51,76.3 1 0
github.com/cometbft/cometbft-db/goleveldb.go:81.62,82.19 1 18
github.com/cometbft/cometbft-db/goleveldb.go:85.2,85.18 1 16
github.com/cometbft/cometbft-db/goleveldb.go:88.2,88.77 1 15
github.com/cometbft/cometbft-db/goleveldb.go:91.2,91.12 1 15
github.com/cometbft/cometbft-db/goleveldb.go:82.19,84.3 1 2
github.com/cometbft/cometbft-db/goleveldb.go:85.18,87.3 1 1
github.com/cometbft/cometbft-db/goleveldb.go:88.77,90.3 1 0
github.com/cometbft/cometbft-db/goleveldb.go:95.47,96.19 1 4
github.com/cometbft/cometbft-db/goleveldb.go:99.2,99.47 1 2
github.com/cometbft/cometbft-db/goleveldb.go:102.2,102.12 1 2
github.com/cometbft/cometbft-db/goleveldb.go:96.19,98.3 1 2
github.com/cometbft/cometbft-db/goleveldb.go:99.47,101.3 1 0
github.com/cometbft/cometbft-db/goleveldb.go:106.51,107.19 1 4
github.com/cometbft/cometbft-db/goleveldb.go:110.2,111.16 2 2
github.com/cometbft/cometbft-db/goleveldb.go:114.2,114.12 1 2
github.com/cometbft/cometbft-db/goleveldb.go:107.19,109.3 1 2
github.com/cometbft/cometbft-db/goleveldb.go:111.16,113.3 1 0
github.com/cometbft/cometbft-db/goleveldb.go:117.39,119.2 1 0
github.com/cometbft/cometbft-db/goleveldb.go:122.36,123.38 1 3
github.com/cometbft/cometbft-db/goleveldb.go:126.2,126.12 1 3
github.com/cometbft/cometbft-db/goleveldb.go:123.38,125.3 1 0
github.com/cometbft/cometbft-db/goleveldb.go:130.36,132.16 2 0
github.com/cometbft/cometbft-db/goleveldb.go:135.2,138.17 3 0
github.com/cometbft/cometbft-db/goleveldb.go:143.2,143.12 1 0
github.com/cometbft/cometbft-db/goleveldb.go:132.16,134.3 1 0
github.com/cometbft/cometbft-db/goleveldb.go:138.17,142.3 3 0
github.com/cometbft/cometbft-db/goleveldb.go:147.48,160.27 3 0
github.com/cometbft/cometbft-db/goleveldb.go:166.2,166.14 1 0
github.com/cometbft/cometbft-db/goleveldb.go:160.27,162.17 2 0
github.com/cometbft/cometbft-db/goleveldb.go:162.17,164.4 1 0
github.com/cometbft/cometbft-db/goleveldb.go:170.39,172.2 1 5
github.com/cometbft/cometbft-db/goleveldb.go:175.68,176.72 1 28
github.com/cometbft/cometbft-db/goleveldb.go:179.2,180.58 2 26
github.com/cometbft/cometbft-db/goleveldb.go:176.72,178.3 1 2
github.com/cometbft/cometbft-db/goleveldb.go:184.75,185.72 1 20
github.com/cometbft/cometbft-db/goleveldb.go:188.2,189.57 2 18
github.com/cometbft/cometbft-db/goleveldb.go:185.72,187.3 1 2
github.com/cometbft/cometbft-db/memdb.go:16.13,17.69 1 1
github.com/cometbft/cometbft-db/memdb.go:17.69,19.3 1 15
github.com/cometbft/cometbft-db/memdb.go:29.44,33.2 1 4328
github.com/cometbft/cometbft-db/memdb.go:36.31,38.2 1 355
github.com/cometbft/cometbft-db/memdb.go:41.39,43.2 1 404
github.com/cometbft/cometbft-db/memdb.go:59.24,64.2 2 36
github.com/cometbft/cometbft-db/memdb.go:67.50,68.19 1 225
github.com/cometbft/cometbft-db/memdb.go:71.2,75.14 4 223
github.com/cometbft/cometbft-db/memdb.go:78.2,78.17 1 14
github.com/cometbft/cometbft-db/memdb.go:68.19,70.3 1 2
github.com/cometbft/cometbft-db/memdb.go:75.14,77.3 1 209
github.com/cometbft/cometbft-db/memdb.go:82.48,83.19 1 6
github.com/cometbft/cometbft-db/memdb.go:86.2,89.39 3 4
github.com/cometbft/cometbft-db/memdb.go:83.19,85.3 1 2
github.com/cometbft/cometbft-db/memdb.go:93.54,94.19 1 396
github.com/cometbft/cometbft-db/memdb.go:97.2,97.18 1 392
github.com/cometbft/cometbft-db/memdb.go:100.2,104.12 4 390
github.com/cometbft/cometbft-db/memdb.go:94.19,96.3 1 4
github.com/cometbft/cometbft-db/memdb.go:97.18,99.3 1 2
github.com/cometbft/cometbft-db/memdb.go:108.48,110.2 1 404
github.com/cometbft/cometbft-db/memdb.go:113.58,115.2 1 33
github.com/cometbft/cometbft-db/memdb.go:118.43,119.19 1 12
github.com/cometbft/cometbft-db/memdb.go:122.2,126.12 4 8
github.com/cometbft/cometbft-db/memdb.go:119.19,121.3 1 4
github.com/cometbft/cometbft-db/memdb.go:130.37,132.2 1 12
github.com/cometbft/cometbft-db/memdb.go:135.47,137.2 1 6
github.com/cometbft/cometbft-db/memdb.go:140.32,144.2 1 0
github.com/cometbft/cometbft-db/memdb.go:147.32,151.42 3 0
github.com/cometbft/cometbft-db/memdb.go:156.2,156.12 1 0
github.com/cometbft/cometbft-db/memdb.go:151.42,155.3 3 0
github.com/cometbft/cometbft-db/memdb.go:160.44,168.2 6 0
github.com/cometbft/cometbft-db/memdb.go:171.35,173.2 1 10
github.com/cometbft/cometbft-db/memdb.go:177.64,178.72 1 55
github.com/cometbft/cometbft-db/memdb.go:181.2,181.53 1 53
github.com/cometbft/cometbft-db/memdb.go:178.72,180.3 1 2
github.com/cometbft/cometbft-db/memdb.go:186.71,187.72 1 42
github.com/cometbft/cometbft-db/memdb.go:190.2,190.52 1 40
github.com/cometbft/cometbft-db/memdb.go:187.72,189.3 1 2
github.com/cometbft/cometbft-db/memdb.go:194.69,195.72 1 0
github.com/cometbft/cometbft-db/memdb.go:198.2,198.69 1 0
github.com/cometbft/cometbft-db/memdb.go:195.72,197.3 1 0
github.com/cometbft/cometbft-db/memdb.go:202.76,203.72 1 0
github.com/cometbft/cometbft-db/memdb.go:206.2,206.68 1 0
github.com/cometbft/cometbft-db/memdb.go:203.72,205.3 1 0
github.com/cometbft/cometbft-db/goleveldb_iterator.go:19.107,20.15 1 44
github.com/cometbft/cometbft-db/goleveldb_iterator.go:41.2,47.3 1 44
github.com/cometbft/cometbft-db/goleveldb_iterator.go:20.15,21.17 1 18
github.com/cometbft/cometbft-db/goleveldb_iterator.go:21.17,23.4 1 6
github.com/cometbft/cometbft-db/goleveldb_iterator.go:23.9,25.13 2 12
github.com/cometbft/cometbft-db/goleveldb_iterator.go:25.13,27.40 2 0
github.com/cometbft/cometbft-db/goleveldb_iterator.go:27.40,29.6 1 0
github.com/cometbft/cometbft-db/goleveldb_iterator.go:30.10,32.5 1 12
github.com/cometbft/cometbft-db/goleveldb_iterator.go:34.8,35.19 1 26
github.com/cometbft/cometbft-db/goleveldb_iterator.go:35.19,37.4 1 11
github.com/cometbft/cometbft-db/goleveldb_iterator.go:37.9,39.4 1 15
github.com/cometbft/cometbft-db/goleveldb_iterator.go:51.57,53.2 1 0
github.com/cometbft/cometbft-db/goleveldb_iterator.go:56.44,58.19 1 775
github.com/cometbft/cometbft-db/goleveldb_iterator.go:63.2,63.36 1 737
github.com/cometbft/cometbft-db/goleveldb_iterator.go:69.2,69.25 1 737
github.com/cometbft/cometbft-db/goleveldb_iterator.go:75.2,79.19 4 693
github.com/cometbft/cometbft-db/goleveldb_iterator.go:92.2,92.13 1 693
github.com/cometbft/cometbft-db/goleveldb_iterator.go:58.19,60.3 1 38
github.com/cometbft/cometbft-db/goleveldb_iterator.go:63.36,66.3 2 0
github.com/cometbft/cometbft-db/goleveldb_iterator.go:69.25,72.3 2 44
github.com/cometbft/cometbft-db/goleveldb_iterator.go:79.19,80.52 1 150
github.com/cometbft/cometbft-db/goleveldb_iterator.go:80.52,83.4 2 0
github.com/cometbft/cometbft-db/goleveldb_iterator.go:84.8,85.49 1 543
github.com/cometbft/cometbft-db/goleveldb_iterator.go:85.49,88.4 2 0
github.com/cometbft/cometbft-db/goleveldb_iterator.go:96.44,101.2 2 202
github.com/cometbft/cometbft-db/goleveldb_iterator.go:104.46,109.2 2 120
github.com/cometbft/cometbft-db/goleveldb_iterator.go:112.38,114.19 2 207
github.com/cometbft/cometbft-db/goleveldb_iterator.go:114.19,116.3 1 50
github.com/cometbft/cometbft-db/goleveldb_iterator.go:116.8,118.3 1 145
github.com/cometbft/cometbft-db/goleveldb_iterator.go:122.45,124.2 1 744
github.com/cometbft/cometbft-db/goleveldb_iterator.go:127.45,130.2 2 5
github.com/cometbft/cometbft-db/goleveldb_iterator.go:132.46,133.18 1 529
github.com/cometbft/cometbft-db/goleveldb_iterator.go:133.18,134.31 1 32
github.com/cometbft/cometbft-db/memdb_batch.go:28.43,33.2 1 10
github.com/cometbft/cometbft-db/memdb_batch.go:36.51,37.19 1 21
github.com/cometbft/cometbft-db/memdb_batch.go:40.2,40.18 1 19
github.com/cometbft/cometbft-db/memdb_batch.go:43.2,43.18 1 18
github.com/cometbft/cometbft-db/memdb_batch.go:46.2,47.12 2 14
github.com/cometbft/cometbft-db/memdb_batch.go:37.19,39.3 1 2
github.com/cometbft/cometbft-db/memdb_batch.go:40.18,42.3 1 1
github.com/cometbft/cometbft-db/memdb_batch.go:43.18,45.3 1 4
github.com/cometbft/cometbft-db/memdb_batch.go:51.47,52.19 1 10
github.com/cometbft/cometbft-db/memdb_batch.go:55.2,55.18 1 8
github.com/cometbft/cometbft-db/memdb_batch.go:58.2,59.12 2 4
github.com/cometbft/cometbft-db/memdb_batch.go:52.19,54.3 1 2
github.com/cometbft/cometbft-db/memdb_batch.go:55.18,57.3 1 4
github.com/cometbft/cometbft-db/memdb_batch.go:63.36,64.18 1 14
github.com/cometbft/cometbft-db/memdb_batch.go:67.2,70.27 3 6
github.com/cometbft/cometbft-db/memdb_batch.go:82.2,82.18 1 6
github.com/cometbft/cometbft-db/memdb_batch.go:64.18,66.3 1 8
github.com/cometbft/cometbft-db/memdb_batch.go:70.27,71.20 1 18
github.com/cometbft/cometbft-db/memdb_batch.go:72.18,73.30 1 14
github.com/cometbft/cometbft-db/memdb_batch.go:74.21,75.23 1 4
github.com/cometbft/cometbft-db/memdb_batch.go:76.11,77.70 1 0
github.com/cometbft/cometbft-db/memdb_batch.go:86.40,88.2 1 4
github.com/cometbft/cometbft-db/memdb_batch.go:91.36,94.2 2 16
github.com/cometbft/cometbft-db/prefixdb.go:18.50,23.2 1 21
github.com/cometbft/cometbft-db/prefixdb.go:26.54,27.19 1 119
github.com/cometbft/cometbft-db/prefixdb.go:30.2,35.16 5 117
github.com/cometbft/cometbft-db/prefixdb.go:38.2,38.19 1 117
github.com/cometbft/cometbft-db/prefixdb.go:27.19,29.3 1 2
github.com/cometbft/cometbft-db/prefixdb.go:35.16,37.3 1 0
github.com/cometbft/cometbft-db/prefixdb.go:42.52,43.19 1 4
github.com/cometbft/cometbft-db/prefixdb.go:46.2,50.16 4 2
github.com/cometbft/cometbft-db/prefixdb.go:54.2,54.16 1 2
github.com/cometbft/cometbft-db/prefixdb.go:43.19,45.3 1 2
github.com/cometbft/cometbft-db/prefixdb.go:50.16,52.3 1 0
github.com/cometbft/cometbft-db/prefixdb.go:58.58,59.19 1 114
github.com/cometbft/cometbft-db/prefixdb.go:62.2,62.18 1 112
github.com/cometbft/cometbft-db/prefixdb.go:65.2,69.48 4 111
github.com/cometbft/cometbft-db/prefixdb.go:72.2,72.12 1 111
github.com/cometbft/cometbft-db/prefixdb.go:59.19,61.3 1 2
github.com/cometbft/cometbft-db/prefixdb.go:62.18,64.3 1 1
github.com/cometbft/cometbft-db/prefixdb.go:69.48,71.3 1 0
github.com/cometbft/cometbft-db/prefixdb.go:76.62,77.19 1 18
github.com/cometbft/cometbft-db/prefixdb.go:80.2,80.18 1 16
github.com/cometbft/cometbft-db/prefixdb.go:83.2,86.49 3 15
github.com/cometbft/cometbft-db/prefixdb.go:77.19,79.3 1 2
github.com/cometbft/cometbft-db/prefixdb.go:80.18,82.3 1 1
github.com/cometbft/cometbft-db/prefixdb.go:90.47,91.19 1 4
github.com/cometbft/cometbft-db/prefixdb.go:94.2,97.41 3 2
github.com/cometbft/cometbft-db/prefixdb.go:91.19,93.3 1 2
github.com/cometbft/cometbft-db/prefixdb.go:101.51,102.19 1 4
github.com/cometbft/cometbft-db/prefixdb.go:105.2,108.45 3 2
github.com/cometbft/cometbft-db/prefixdb.go:102.19,104.3 1 2
github.com/cometbft/cometbft-db/prefixdb.go:112.68,113.72 1 29
github.com/cometbft/cometbft-db/prefixdb.go:116.2,121.16 5 27
github.com/cometbft/cometbft-db/prefixdb.go:126.2,127.16 2 27
github.com/cometbft/cometbft-db/prefixdb.go:131.2,131.55 1 27
github.com/cometbft/cometbft-db/prefixdb.go:113.72,115.3 1 2
github.com/cometbft/cometbft-db/prefixdb.go:121.16,123.3 1 15
github.com/cometbft/cometbft-db/prefixdb.go:123.8,125.3 1 12
github.com/cometbft/cometbft-db/prefixdb.go:127.16,129.3 1 0
github.com/cometbft/cometbft-db/prefixdb.go:135.75,136.72 1 24
github.com/cometbft/cometbft-db/prefixdb.go:139.2,144.16 5 22
github.com/cometbft/cometbft-db/prefixdb.go:149.2,150.16 2 22
github.com/cometbft/cometbft-db/prefixdb.go:154.2,154.56 1 22
github.com/cometbft/cometbft-db/prefixdb.go:136.72,138.3 1 2
github.com/cometbft/cometbft-db/prefixdb.go:144.16,146.3 1 9
github.com/cometbft/cometbft-db/prefixdb.go:146.8,148.3 1 13
github.com/cometbft/cometbft-db/prefixdb.go:150.16,152.3 1 0
github.com/cometbft/cometbft-db/prefixdb.go:158.39,163.2 3 5
github.com/cometbft/cometbft-db/prefixdb.go:166.36,171.2 3 0
github.com/cometbft/cometbft-db/prefixdb.go:174.36,178.16 3 0
github.com/cometbft/cometbft-db/prefixdb.go:181.2,182.32 2 0
github.com/cometbft/cometbft-db/prefixdb.go:187.2,187.12 1 0
github.com/cometbft/cometbft-db/prefixdb.go:178.16,180.3 1 0
github.com/cometbft/cometbft-db/prefixdb.go:182.32,186.3 3 0
github.com/cometbft/cometbft-db/prefixdb.go:191.48,196.33 5 0
github.com/cometbft/cometbft-db/prefixdb.go:199.2,199.14 1 0
github.com/cometbft/cometbft-db/prefixdb.go:196.33,198.3 1 0
github.com/cometbft/cometbft-db/prefixdb.go:202.50,204.2 1 249
github.com/cometbft/cometbft-db/prefixdb_iterator.go:10.60,12.22 2 34
github.com/cometbft/cometbft-db/prefixdb_iterator.go:19.2,20.16 2 34
github.com/cometbft/cometbft-db/prefixdb_iterator.go:23.2,23.17 1 34
github.com/cometbft/cometbft-db/prefixdb_iterator.go:12.22,15.3 2 0
github.com/cometbft/cometbft-db/prefixdb_iterator.go:15.8,18.3 2 34
github.com/cometbft/cometbft-db/prefixdb_iterator.go:20.16,22.3 1 0
github.com/cometbft/cometbft-db/prefixdb_iterator.go:38.95,49.57 2 49
github.com/cometbft/cometbft-db/prefixdb_iterator.go:53.2,53.63 1 49
github.com/cometbft/cometbft-db/prefixdb_iterator.go:57.2,63.8 1 34
github.com/cometbft/cometbft-db/prefixdb_iterator.go:49.57,51.3 1 1
github.com/cometbft/cometbft-db/prefixdb_iterator.go:53.63,55.3 1 15
github.com/cometbft/cometbft-db/prefixdb_iterator.go:67.66,69.2 1 5
github.com/cometbft/cometbft-db/prefixdb_iterator.go:72.43,73.57 1 845
github.com/cometbft/cometbft-db/prefixdb_iterator.go:77.2,78.83 2 738
github.com/cometbft/cometbft-db/prefixdb_iterator.go:84.2,84.13 1 738
github.com/cometbft/cometbft-db/prefixdb_iterator.go:73.57,75.3 1 107
github.com/cometbft/cometbft-db/prefixdb_iterator.go:78.83,82.3 2 0
github.com/cometbft/cometbft-db/prefixdb_iterator.go:88.37,92.75 3 226
github.com/cometbft/cometbft-db/prefixdb_iterator.go:92.75,94.3 1 34
github.com/cometbft/cometbft-db/prefixdb_iterator.go:94.8,94.54 1 175
github.com/cometbft/cometbft-db/prefixdb_iterator.go:94.54,98.3 1 2
github.com/cometbft/cometbft-db/prefixdb_iterator.go:102.43,106.2 3 219
github.com/cometbft/cometbft-db/prefixdb_iterator.go:109.45,112.2 2 137
github.com/cometbft/cometbft-db/prefixdb_iterator.go:115.44,116.43 1 7
github.com/cometbft/cometbft-db/prefixdb_iterator.go:119.2,119.16 1 7
github.com/cometbft/cometbft-db/prefixdb_iterator.go:116.43,118.3 1 0
github.com/cometbft/cometbft-db/prefixdb_iterator.go:123.44,125.2 1 10
github.com/cometbft/cometbft-db/prefixdb_iterator.go:127.46,128.18 1 582
github.com/cometbft/cometbft-db/prefixdb_iterator.go:128.18,129.31 1 47
github.com/cometbft/cometbft-db/test_helpers.go:10.26,12.2 1 396
github.com/cometbft/cometbft-db/test_helpers.go:15.33,18.6 2 21
github.com/cometbft/cometbft-db/test_helpers.go:35.2,35.22 1 21
github.com/cometbft/cometbft-db/test_helpers.go:18.6,20.27 2 42
github.com/cometbft/cometbft-db/test_helpers.go:20.27,22.15 2 262
github.com/cometbft/cometbft-db/test_helpers.go:22.15,24.13 2 10
github.com/cometbft/cometbft-db/test_helpers.go:25.10,27.29 2 252
github.com/cometbft/cometbft-db/test_helpers.go:30.5,30.14 1 231
github.com/cometbft/cometbft-db/test_helpers.go:27.29,28.21 1 21
github.com/cometbft/cometbft-db/badger_db.go:15.13,15.74 1 1
github.com/cometbft/cometbft-db/badger_db.go:17.54,19.2 1 15
github.com/cometbft/cometbft-db/badger_db.go:23.57,28.48 2 15
github.com/cometbft/cometbft-db/badger_db.go:31.2,34.37 4 15
github.com/cometbft/cometbft-db/badger_db.go:28.48,30.3 1 0
github.com/cometbft/cometbft-db/badger_db.go:40.69,42.16 2 15
github.com/cometbft/cometbft-db/badger_db.go:45.2,45.31 1 15
github.com/cometbft/cometbft-db/badger_db.go:42.16,44.3 1 0
github.com/cometbft/cometbft-db/badger_db.go:54.52,55.19 1 108
github.com/cometbft/cometbft-db/badger_db.go:58.2,59.47 2 106
github.com/cometbft/cometbft-db/badger_db.go:72.2,72.17 1 106
github.com/cometbft/cometbft-db/badger_db.go:55.19,57.3 1 2
github.com/cometbft/cometbft-db/badger_db.go:59.47,61.35 2 106
github.com/cometbft/cometbft-db/badger_db.go:66.3,67.31 2 103
github.com/cometbft/cometbft-db/badger_db.go:70.3,70.13 1 103
github.com/cometbft/cometbft-db/badger_db.go:61.35,63.4 1 3
github.com/cometbft/cometbft-db/badger_db.go:63.9,63.24 1 103
github.com/cometbft/cometbft-db/badger_db.go:63.24,65.4 1 0
github.com/cometbft/cometbft-db/badger_db.go:67.31,69.4 1 1
github.com/cometbft/cometbft-db/badger_db.go:75.50,76.19 1 4
github.com/cometbft/cometbft-db/badger_db.go:79.2,80.47 2 2
github.com/cometbft/cometbft-db/badger_db.go:88.2,88.19 1 2
github.com/cometbft/cometbft-db/badger_db.go:76.19,78.3 1 2
github.com/cometbft/cometbft-db/badger_db.go:80.47,82.49 2 2
github.com/cometbft/cometbft-db/badger_db.go:85.3,86.13 2 2
github.com/cometbft/cometbft-db/badger_db.go:82.49,84.4 1 0
github.com/cometbft/cometbft-db/badger_db.go:91.49,92.19 1 132
github.com/cometbft/cometbft-db/badger_db.go:95.2,95.18 1 128
github.com/cometbft/cometbft-db/badger_db.go:98.2,98.49 1 126
github.com/cometbft/cometbft-db/badger_db.go:92.19,94.3 1 4
github.com/cometbft/cometbft-db/badger_db.go:95.18,97.3 1 2
github.com/cometbft/cometbft-db/badger_db.go:98.49,100.3 1 126
github.com/cometbft/cometbft-db/badger_db.go:103.47,104.16 1 24
github.com/cometbft/cometbft-db/badger_db.go:107.2,107.18 1 17
github.com/cometbft/cometbft-db/badger_db.go:104.16,106.3 1 7
github.com/cometbft/cometbft-db/badger_db.go:110.53,112.2 1 18
[...]
github.com/cometbft/cometbft-db/badger_db.go:224.43,226.2 1 2
github.com/cometbft/cometbft-db/badger_db.go:228.39,229.9 1 5
github.com/cometbft/cometbft-db/badger_db.go:233.2,234.12 2 5
github.com/cometbft/cometbft-db/badger_db.go:230.22,230.22 0 2
github.com/cometbft/cometbft-db/badger_db.go:231.10,231.10 0 3
github.com/cometbft/cometbft-db/badger_db.go:247.42,251.2 3 5
github.com/cometbft/cometbft-db/badger_db.go:253.57,253.82 1 0
github.com/cometbft/cometbft-db/badger_db.go:254.57,254.77 1 7
github.com/cometbft/cometbft-db/badger_db.go:256.35,257.16 1 207
github.com/cometbft/cometbft-db/badger_db.go:260.2,260.15 1 195
github.com/cometbft/cometbft-db/badger_db.go:257.16,258.31 1 12
github.com/cometbft/cometbft-db/badger_db.go:263.41,264.21 1 775
github.com/cometbft/cometbft-db/badger_db.go:267.2,267.20 1 718
github.com/cometbft/cometbft-db/badger_db.go:274.2,274.13 1 693
github.com/cometbft/cometbft-db/badger_db.go:264.21,266.3 1 57
github.com/cometbft/cometbft-db/badger_db.go:267.20,269.85 2 106
github.com/cometbft/cometbft-db/badger_db.go:269.85,272.4 1 25
github.com/cometbft/cometbft-db/badger_db.go:277.41,278.16 1 202
github.com/cometbft/cometbft-db/badger_db.go:283.2,283.35 1 192
github.com/cometbft/cometbft-db/badger_db.go:278.16,279.31 1 10
github.com/cometbft/cometbft-db/badger_db.go:286.43,287.16 1 120
github.com/cometbft/cometbft-db/badger_db.go:290.2,291.16 2 110
github.com/cometbft/cometbft-db/badger_db.go:294.2,294.12 1 110
github.com/cometbft/cometbft-db/badger_db.go:287.16,288.31 1 10
github.com/cometbft/cometbft-db/badger_db.go:291.16,293.3 1 0
github.com/cometbft/cometbft-db/boltdb_iterator.go:31.89,35.15 3 43
github.com/cometbft/cometbft-db/boltdb_iterator.go:52.2,61.3 1 43
github.com/cometbft/cometbft-db/boltdb_iterator.go:35.15,36.10 1 18
github.com/cometbft/cometbft-db/boltdb_iterator.go:37.19,38.23 1 6
github.com/cometbft/cometbft-db/boltdb_iterator.go:39.11,41.23 2 12
github.com/cometbft/cometbft-db/boltdb_iterator.go:43.8,44.10 1 25
github.com/cometbft/cometbft-db/boltdb_iterator.go:45.21,46.24 1 11
github.com/cometbft/cometbft-db/boltdb_iterator.go:47.11,48.28 1 14
github.com/cometbft/cometbft-db/boltdb_iterator.go:65.54,67.2 1 0
github.com/cometbft/cometbft-db/boltdb_iterator.go:70.41,71.19 1 771
github.com/cometbft/cometbft-db/boltdb_iterator.go:75.2,75.24 1 736
github.com/cometbft/cometbft-db/boltdb_iterator.go:81.2,81.27 1 736
github.com/cometbft/cometbft-db/boltdb_iterator.go:86.2,86.19 1 714
github.com/cometbft/cometbft-db/boltdb_iterator.go:99.2,99.13 1 693
github.com/cometbft/cometbft-db/boltdb_iterator.go:71.19,73.3 1 35
github.com/cometbft/cometbft-db/boltdb_iterator.go:75.24,78.3 2 0
github.com/cometbft/cometbft-db/boltdb_iterator.go:81.27,84.3 2 22
github.com/cometbft/cometbft-db/boltdb_iterator.go:86.19,87.71 1 163
github.com/cometbft/cometbft-db/boltdb_iterator.go:87.71,90.4 2 13
github.com/cometbft/cometbft-db/boltdb_iterator.go:91.8,92.68 1 551
github.com/cometbft/cometbft-db/boltdb_iterator.go:92.68,95.4 2 8
github.com/cometbft/cometbft-db/boltdb_iterator.go:103.35,105.19 2 206
github.com/cometbft/cometbft-db/boltdb_iterator.go:105.19,107.3 1 50
github.com/cometbft/cometbft-db/boltdb_iterator.go:107.8,109.3 1 145
github.com/cometbft/cometbft-db/boltdb_iterator.go:113.41,116.2 2 201
github.com/cometbft/cometbft-db/boltdb_iterator.go:119.43,122.29 3 119
github.com/cometbft/cometbft-db/boltdb_iterator.go:125.2,125.14 1 110
github.com/cometbft/cometbft-db/boltdb_iterator.go:122.29,124.3 1 110
github.com/cometbft/cometbft-db/boltdb_iterator.go:129.42,131.2 1 743
github.com/cometbft/cometbft-db/boltdb_iterator.go:134.42,136.2 1 5
github.com/cometbft/cometbft-db/boltdb_iterator.go:138.44,139.18 1 526
github.com/cometbft/cometbft-db/boltdb_iterator.go:139.18,140.31 1 29
github.com/cometbft/cometbft-db/cleveldb_iterator.go:22.104,23.15 1 44
github.com/cometbft/cometbft-db/cleveldb_iterator.go:44.2,50.3 1 44
github.com/cometbft/cometbft-db/cleveldb_iterator.go:23.15,24.34 1 18
github.com/cometbft/cometbft-db/cleveldb_iterator.go:24.34,26.4 1 6
github.com/cometbft/cometbft-db/cleveldb_iterator.go:26.9,28.22 2 12
github.com/cometbft/cometbft-db/cleveldb_iterator.go:28.22,30.40 2 11
github.com/cometbft/cometbft-db/cleveldb_iterator.go:30.40,32.6 1 11
github.com/cometbft/cometbft-db/cleveldb_iterator.go:33.10,35.5 1 1
github.com/cometbft/cometbft-db/cleveldb_iterator.go:37.8,38.38 1 26
github.com/cometbft/cometbft-db/cleveldb_iterator.go:38.38,40.4 1 11
github.com/cometbft/cometbft-db/cleveldb_iterator.go:40.9,42.4 1 15
github.com/cometbft/cometbft-db/cleveldb_iterator.go:54.55,56.2 1 0
github.com/cometbft/cometbft-db/cleveldb_iterator.go:59.42,62.19 1 775
github.com/cometbft/cometbft-db/cleveldb_iterator.go:67.2,67.34 1 775
github.com/cometbft/cometbft-db/cleveldb_iterator.go:73.2,73.25 1 775
github.com/cometbft/cometbft-db/cleveldb_iterator.go:79.2,82.19 4 718
github.com/cometbft/cometbft-db/cleveldb_iterator.go:95.2,95.13 1 693
github.com/cometbft/cometbft-db/cleveldb_iterator.go:62.19,64.3 1 0
github.com/cometbft/cometbft-db/cleveldb_iterator.go:67.34,70.3 2 0
github.com/cometbft/cometbft-db/cleveldb_iterator.go:73.25,76.3 2 57
github.com/cometbft/cometbft-db/cleveldb_iterator.go:82.19,83.52 1 163
github.com/cometbft/cometbft-db/cleveldb_iterator.go:83.52,86.4 2 13
github.com/cometbft/cometbft-db/cleveldb_iterator.go:87.8,88.49 1 555
github.com/cometbft/cometbft-db/cleveldb_iterator.go:88.49,91.4 2 12
github.com/cometbft/cometbft-db/cleveldb_iterator.go:99.42,102.2 2 202
github.com/cometbft/cometbft-db/cleveldb_iterator.go:105.44,108.2 2 120
github.com/cometbft/cometbft-db/cleveldb_iterator.go:111.36,113.19 2 207
github.com/cometbft/cometbft-db/cleveldb_iterator.go:113.19,115.3 1 50
github.com/cometbft/cometbft-db/cleveldb_iterator.go:115.8,117.3 1 145
github.com/cometbft/cometbft-db/cleveldb_iterator.go:121.43,123.2 1 7
github.com/cometbft/cometbft-db/cleveldb_iterator.go:126.43,129.2 2 5
github.com/cometbft/cometbft-db/cleveldb_iterator.go:131.45,132.18 1 529
github.com/cometbft/cometbft-db/cleveldb_iterator.go:132.18,133.31 1 32
github.com/cometbft/cometbft-db/rocksdb_batch.go:15.49,20.2 1 5
github.com/cometbft/cometbft-db/rocksdb_batch.go:23.53,24.19 1 12
github.com/cometbft/cometbft-db/rocksdb_batch.go:27.2,27.18 1 10
github.com/cometbft/cometbft-db/rocksdb_batch.go:30.2,30.20 1 9
github.com/cometbft/cometbft-db/rocksdb_batch.go:33.2,34.12 2 7
github.com/cometbft/cometbft-db/rocksdb_batch.go:24.19,26.3 1 2
github.com/cometbft/cometbft-db/rocksdb_batch.go:27.18,29.3 1 1
github.com/cometbft/cometbft-db/rocksdb_batch.go:30.20,32.3 1 2
github.com/cometbft/cometbft-db/rocksdb_batch.go:38.49,39.19 1 6
github.com/cometbft/cometbft-db/rocksdb_batch.go:42.2,42.20 1 4
github.com/cometbft/cometbft-db/rocksdb_batch.go:45.2,46.12 2 2
github.com/cometbft/cometbft-db/rocksdb_batch.go:39.19,41.3 1 2
github.com/cometbft/cometbft-db/rocksdb_batch.go:42.20,44.3 1 2
github.com/cometbft/cometbft-db/rocksdb_batch.go:50.38,51.20 1 5
github.com/cometbft/cometbft-db/rocksdb_batch.go:54.2,55.16 2 3
github.com/cometbft/cometbft-db/rocksdb_batch.go:59.2,60.12 2 3
github.com/cometbft/cometbft-db/rocksdb_batch.go:51.20,53.3 1 2
github.com/cometbft/cometbft-db/rocksdb_batch.go:55.16,57.3 1 0
github.com/cometbft/cometbft-db/rocksdb_batch.go:64.42,65.20 1 2
github.com/cometbft/cometbft-db/rocksdb_batch.go:68.2,69.16 2 0
github.com/cometbft/cometbft-db/rocksdb_batch.go:73.2,73.18 1 0
github.com/cometbft/cometbft-db/rocksdb_batch.go:65.20,67.3 1 2
github.com/cometbft/cometbft-db/rocksdb_batch.go:69.16,71.3 1 0
github.com/cometbft/cometbft-db/rocksdb_batch.go:77.38,78.20 1 8
github.com/cometbft/cometbft-db/rocksdb_batch.go:82.2,82.12 1 8
github.com/cometbft/cometbft-db/rocksdb_batch.go:78.20,81.3 2 5
github.com/cometbft/cometbft-db/cleveldb.go:13.13,14.57 1 1
github.com/cometbft/cometbft-db/cleveldb.go:17.2,17.54 1 1
github.com/cometbft/cometbft-db/cleveldb.go:14.57,16.3 1 17
github.com/cometbft/cometbft-db/cleveldb.go:31.62,38.16 6 17
github.com/cometbft/cometbft-db/cleveldb.go:41.2,51.22 6 17
github.com/cometbft/cometbft-db/cleveldb.go:38.16,40.3 1 0
github.com/cometbft/cometbft-db/cleveldb.go:55.53,56.19 1 112
github.com/cometbft/cometbft-db/cleveldb.go:59.2,60.16 2 108
github.com/cometbft/cometbft-db/cleveldb.go:63.2,63.17 1 108
github.com/cometbft/cometbft-db/cleveldb.go:56.19,58.3 1 4
github.com/cometbft/cometbft-db/cleveldb.go:60.16,62.3 1 0
github.com/cometbft/cometbft-db/cleveldb.go:67.51,69.16 2 4
github.com/cometbft/cometbft-db/cleveldb.go:72.2,72.26 1 2
github.com/cometbft/cometbft-db/cleveldb.go:69.16,71.3 1 2
github.com/cometbft/cometbft-db/cleveldb.go:76.57,77.19 1 114
github.com/cometbft/cometbft-db/cleveldb.go:80.2,80.18 1 112
github.com/cometbft/cometbft-db/cleveldb.go:83.2,83.53 1 111
github.com/cometbft/cometbft-db/cleveldb.go:86.2,86.12 1 111
github.com/cometbft/cometbft-db/cleveldb.go:77.19,79.3 1 2
github.com/cometbft/cometbft-db/cleveldb.go:80.18,82.3 1 1
github.com/cometbft/cometbft-db/cleveldb.go:83.53,85.3 1 0
github.com/cometbft/cometbft-db/cleveldb.go:90.61,91.19 1 18
github.com/cometbft/cometbft-db/cleveldb.go:94.2,94.18 1 16
github.com/cometbft/cometbft-db/cleveldb.go:97.2,97.57 1 15
github.com/cometbft/cometbft-db/cleveldb.go:100.2,100.12 1 15
github.com/cometbft/cometbft-db/cleveldb.go:91.19,93.3 1 2
github.com/cometbft/cometbft-db/cleveldb.go:94.18,96.3 1 1
github.com/cometbft/cometbft-db/cleveldb.go:97.57,99.3 1 0
github.com/cometbft/cometbft-db/cleveldb.go:104.46,105.19 1 4
github.com/cometbft/cometbft-db/cleveldb.go:108.2,108.49 1 2
github.com/cometbft/cometbft-db/cleveldb.go:111.2,111.12 1 2
github.com/cometbft/cometbft-db/cleveldb.go:105.19,107.3 1 2
github.com/cometbft/cometbft-db/cleveldb.go:108.49,110.3 1 0
github.com/cometbft/cometbft-db/cleveldb.go:115.50,116.19 1 4
github.com/cometbft/cometbft-db/cleveldb.go:119.2,119.53 1 2
github.com/cometbft/cometbft-db/cleveldb.go:122.2,122.12 1 2
github.com/cometbft/cometbft-db/cleveldb.go:116.19,118.3 1 2
github.com/cometbft/cometbft-db/cleveldb.go:119.53,121.3 1 0
github.com/cometbft/cometbft-db/cleveldb.go:126.37,128.2 1 0
github.com/cometbft/cometbft-db/cleveldb.go:131.35,137.2 5 0
github.com/cometbft/cometbft-db/cleveldb.go:140.35,142.16 2 0
github.com/cometbft/cometbft-db/cleveldb.go:145.2,146.32 2 0
github.com/cometbft/cometbft-db/cleveldb.go:151.2,151.12 1 0
github.com/cometbft/cometbft-db/cleveldb.go:142.16,144.3 1 0
github.com/cometbft/cometbft-db/cleveldb.go:146.32,150.3 3 0
github.com/cometbft/cometbft-db/cleveldb.go:155.47,168.27 3 1
github.com/cometbft/cometbft-db/cleveldb.go:172.2,172.14 1 1
github.com/cometbft/cometbft-db/cleveldb.go:168.27,171.3 2 8
github.com/cometbft/cometbft-db/cleveldb.go:176.38,178.2 1 5
github.com/cometbft/cometbft-db/cleveldb.go:181.67,182.72 1 28
github.com/cometbft/cometbft-db/cleveldb.go:185.2,186.57 2 26
github.com/cometbft/cometbft-db/cleveldb.go:182.72,184.3 1 2
github.com/cometbft/cometbft-db/cleveldb.go:190.74,191.72 1 20
github.com/cometbft/cometbft-db/cleveldb.go:194.2,195.56 2 18
github.com/cometbft/cometbft-db/cleveldb.go:191.72,193.3 1 2
github.com/cometbft/cometbft-db/db.go:44.76,46.18 2 7
github.com/cometbft/cometbft-db/db.go:49.2,49.29 1 7
github.com/cometbft/cometbft-db/db.go:46.18,48.3 1 0
github.com/cometbft/cometbft-db/db.go:53.70,55.9 2 109
github.com/cometbft/cometbft-db/db.go:64.2,65.16 2 109
github.com/cometbft/cometbft-db/db.go:68.2,68.16 1 109
github.com/cometbft/cometbft-db/db.go:55.9,57.27 2 0
github.com/cometbft/cometbft-db/db.go:60.3,61.37 1 0
github.com/cometbft/cometbft-db/db.go:57.27,59.4 1 0
github.com/cometbft/cometbft-db/db.go:65.16,67.3 1 0
github.com/cometbft/cometbft-db/prefixdb_batch.go:10.64,15.2 1 5
github.com/cometbft/cometbft-db/prefixdb_batch.go:18.54,19.19 1 12
github.com/cometbft/cometbft-db/prefixdb_batch.go:22.2,22.18 1 10
github.com/cometbft/cometbft-db/prefixdb_batch.go:25.2,26.35 2 9
github.com/cometbft/cometbft-db/prefixdb_batch.go:19.19,21.3 1 2
github.com/cometbft/cometbft-db/prefixdb_batch.go:22.18,24.3 1 1
github.com/cometbft/cometbft-db/prefixdb_batch.go:30.50,31.19 1 6
github.com/cometbft/cometbft-db/prefixdb_batch.go:34.2,35.31 2 4
github.com/cometbft/cometbft-db/prefixdb_batch.go:31.19,33.3 1 2
github.com/cometbft/cometbft-db/prefixdb_batch.go:39.39,41.2 1 5
github.com/cometbft/cometbft-db/prefixdb_batch.go:44.43,46.2 1 2
github.com/cometbft/cometbft-db/prefixdb_batch.go:49.39,51.2 1 5
github.com/cometbft/cometbft-db/memdb_iterator.go:30.89,32.2 1 93
github.com/cometbft/cometbft-db/memdb_iterator.go:34.111,45.12 4 93
github.com/cometbft/cometbft-db/memdb_iterator.go:48.2,48.12 1 93
github.com/cometbft/cometbft-db/memdb_iterator.go:98.2,98.26 1 93
github.com/cometbft/cometbft-db/memdb_iterator.go:102.2,102.13 1 93
github.com/cometbft/cometbft-db/memdb_iterator.go:45.12,47.3 1 93
github.com/cometbft/cometbft-db/memdb_iterator.go:48.12,49.13 1 93
github.com/cometbft/cometbft-db/memdb_iterator.go:54.3,58.38 2 93
github.com/cometbft/cometbft-db/memdb_iterator.go:74.3,74.10 1 93
github.com/cometbft/cometbft-db/memdb_iterator.go:94.3,94.12 1 93
github.com/cometbft/cometbft-db/memdb_iterator.go:49.13,51.4 1 93
github.com/cometbft/cometbft-db/memdb_iterator.go:58.38,60.60 2 459
github.com/cometbft/cometbft-db/memdb_iterator.go:64.4,64.76 1 440
github.com/cometbft/cometbft-db/memdb_iterator.go:67.4,67.11 1 405
github.com/cometbft/cometbft-db/memdb_iterator.go:60.60,63.5 2 19
github.com/cometbft/cometbft-db/memdb_iterator.go:64.76,66.5 1 35
github.com/cometbft/cometbft-db/memdb_iterator.go:68.22,69.17 1 0
github.com/cometbft/cometbft-db/memdb_iterator.go:70.20,71.16 1 405
github.com/cometbft/cometbft-db/memdb_iterator.go:75.47,76.28 1 10
github.com/cometbft/cometbft-db/memdb_iterator.go:77.46,78.29 1 2
github.com/cometbft/cometbft-db/memdb_iterator.go:79.31,81.57 1 4
github.com/cometbft/cometbft-db/memdb_iterator.go:82.17,83.61 1 39
github.com/cometbft/cometbft-db/memdb_iterator.go:84.19,87.29 2 4
github.com/cometbft/cometbft-db/memdb_iterator.go:88.11,92.53 3 34
github.com/cometbft/cometbft-db/memdb_iterator.go:98.26,100.3 1 63
github.com/cometbft/cometbft-db/memdb_iterator.go:106.39,108.17 2 15
github.com/cometbft/cometbft-db/memdb_iterator.go:110.2,111.12 2 15
github.com/cometbft/cometbft-db/memdb_iterator.go:108.18,109.3 0 0
github.com/cometbft/cometbft-db/memdb_iterator.go:115.51,117.2 1 0
github.com/cometbft/cometbft-db/memdb_iterator.go:120.38,122.2 1 3512
github.com/cometbft/cometbft-db/memdb_iterator.go:125.32,128.9 3 417
github.com/cometbft/cometbft-db/memdb_iterator.go:129.10,130.16 1 342
github.com/cometbft/cometbft-db/memdb_iterator.go:131.10,132.15 1 63
github.com/cometbft/cometbft-db/memdb_iterator.go:137.39,139.2 1 14
github.com/cometbft/cometbft-db/memdb_iterator.go:142.38,145.2 2 1562
github.com/cometbft/cometbft-db/memdb_iterator.go:148.40,151.2 2 242
github.com/cometbft/cometbft-db/memdb_iterator.go:153.41,154.16 1 2221
github.com/cometbft/cometbft-db/memdb_iterator.go:154.16,155.31 1 32
github.com/cometbft/cometbft-db/boltdb_batch.go:16.46,21.2 1 5
github.com/cometbft/cometbft-db/boltdb_batch.go:24.52,25.19 1 12
github.com/cometbft/cometbft-db/boltdb_batch.go:28.2,28.18 1 10
github.com/cometbft/cometbft-db/boltdb_batch.go:31.2,31.18 1 9
github.com/cometbft/cometbft-db/boltdb_batch.go:34.2,35.12 2 7
github.com/cometbft/cometbft-db/boltdb_batch.go:25.19,27.3 1 2
github.com/cometbft/cometbft-db/boltdb_batch.go:28.18,30.3 1 1
github.com/cometbft/cometbft-db/boltdb_batch.go:31.18,33.3 1 2
github.com/cometbft/cometbft-db/boltdb_batch.go:39.48,40.19 1 6
github.com/cometbft/cometbft-db/boltdb_batch.go:43.2,43.18 1 4
github.com/cometbft/cometbft-db/boltdb_batch.go:46.2,47.12 2 2
github.com/cometbft/cometbft-db/boltdb_batch.go:40.19,42.3 1 2
github.com/cometbft/cometbft-db/boltdb_batch.go:43.18,45.3 1 2
github.com/cometbft/cometbft-db/boltdb_batch.go:51.37,52.18 1 7
github.com/cometbft/cometbft-db/boltdb_batch.go:55.2,55.48 1 3
github.com/cometbft/cometbft-db/boltdb_batch.go:71.2,71.16 1 3
github.com/cometbft/cometbft-db/boltdb_batch.go:75.2,75.18 1 3
github.com/cometbft/cometbft-db/boltdb_batch.go:52.18,54.3 1 4
github.com/cometbft/cometbft-db/boltdb_batch.go:55.48,57.28 2 3
github.com/cometbft/cometbft-db/boltdb_batch.go:69.3,69.13 1 3
github.com/cometbft/cometbft-db/boltdb_batch.go:57.28,58.21 1 9
github.com/cometbft/cometbft-db/boltdb_batch.go:59.19,60.53 1 7
github.com/cometbft/cometbft-db/boltdb_batch.go:63.22,64.46 1 2
github.com/cometbft/cometbft-db/boltdb_batch.go:60.53,62.6 1 0
github.com/cometbft/cometbft-db/boltdb_batch.go:64.46,66.6 1 0
github.com/cometbft/cometbft-db/boltdb_batch.go:71.16,73.3 1 0
github.com/cometbft/cometbft-db/boltdb_batch.go:79.41,81.2 1 2
github.com/cometbft/cometbft-db/boltdb_batch.go:84.37,87.2 2 8
github.com/cometbft/cometbft-db/cleveldb_batch.go:14.52,19.2 1 5
github.com/cometbft/cometbft-db/cleveldb_batch.go:22.54,23.19 1 12
github.com/cometbft/cometbft-db/cleveldb_batch.go:26.2,26.18 1 10
github.com/cometbft/cometbft-db/cleveldb_batch.go:29.2,29.20 1 9
github.com/cometbft/cometbft-db/cleveldb_batch.go:32.2,33.12 2 7
github.com/cometbft/cometbft-db/cleveldb_batch.go:23.19,25.3 1 2
github.com/cometbft/cometbft-db/cleveldb_batch.go:26.18,28.3 1 1
github.com/cometbft/cometbft-db/cleveldb_batch.go:29.20,31.3 1 2
github.com/cometbft/cometbft-db/cleveldb_batch.go:37.50,38.19 1 6
github.com/cometbft/cometbft-db/cleveldb_batch.go:41.2,41.20 1 4
github.com/cometbft/cometbft-db/cleveldb_batch.go:44.2,45.12 2 2
github.com/cometbft/cometbft-db/cleveldb_batch.go:38.19,40.3 1 2
github.com/cometbft/cometbft-db/cleveldb_batch.go:41.20,43.3 1 2
github.com/cometbft/cometbft-db/cleveldb_batch.go:49.39,50.20 1 5
github.com/cometbft/cometbft-db/cleveldb_batch.go:53.2,54.16 2 3
github.com/cometbft/cometbft-db/cleveldb_batch.go:58.2,58.18 1 3
github.com/cometbft/cometbft-db/cleveldb_batch.go:50.20,52.3 1 2
github.com/cometbft/cometbft-db/cleveldb_batch.go:54.16,56.3 1 0
github.com/cometbft/cometbft-db/cleveldb_batch.go:62.43,63.20 1 2
github.com/cometbft/cometbft-db/cleveldb_batch.go:66.2,67.16 2 0
github.com/cometbft/cometbft-db/cleveldb_batch.go:71.2,72.12 2 0
github.com/cometbft/cometbft-db/cleveldb_batch.go:63.20,65.3 1 2
github.com/cometbft/cometbft-db/cleveldb_batch.go:67.16,69.3 1 0
github.com/cometbft/cometbft-db/cleveldb_batch.go:76.39,77.20 1 8
github.com/cometbft/cometbft-db/cleveldb_batch.go:81.2,81.12 1 8
github.com/cometbft/cometbft-db/cleveldb_batch.go:77.20,80.3 2 5
github.com/cometbft/cometbft-db/goleveldb_batch.go:15.55,20.2 1 5
github.com/cometbft/cometbft-db/goleveldb_batch.go:23.55,24.19 1 12
github.com/cometbft/cometbft-db/goleveldb_batch.go:27.2,27.18 1 10
github.com/cometbft/cometbft-db/goleveldb_batch.go:30.2,30.20 1 9
github.com/cometbft/cometbft-db/goleveldb_batch.go:33.2,34.12 2 7
github.com/cometbft/cometbft-db/goleveldb_batch.go:24.19,26.3 1 2
github.com/cometbft/cometbft-db/goleveldb_batch.go:27.18,29.3 1 1
github.com/cometbft/cometbft-db/goleveldb_batch.go:30.20,32.3 1 2
github.com/cometbft/cometbft-db/goleveldb_batch.go:38.51,39.19 1 6
github.com/cometbft/cometbft-db/goleveldb_batch.go:42.2,42.20 1 4
github.com/cometbft/cometbft-db/goleveldb_batch.go:45.2,46.12 2 2
github.com/cometbft/cometbft-db/goleveldb_batch.go:39.19,41.3 1 2
github.com/cometbft/cometbft-db/goleveldb_batch.go:42.20,44.3 1 2
github.com/cometbft/cometbft-db/goleveldb_batch.go:50.40,52.2 1 5
github.com/cometbft/cometbft-db/goleveldb_batch.go:55.44,57.2 1 2
github.com/cometbft/cometbft-db/goleveldb_batch.go:59.49,60.20 1 7
github.com/cometbft/cometbft-db/goleveldb_batch.go:63.2,64.16 2 3
github.com/cometbft/cometbft-db/goleveldb_batch.go:68.2,68.18 1 3
github.com/cometbft/cometbft-db/goleveldb_batch.go:60.20,62.3 1 4
github.com/cometbft/cometbft-db/goleveldb_batch.go:64.16,66.3 1 0
github.com/cometbft/cometbft-db/goleveldb_batch.go:72.40,73.20 1 8
github.com/cometbft/cometbft-db/goleveldb_batch.go:77.2,77.12 1 8
github.com/cometbft/cometbft-db/goleveldb_batch.go:73.20,76.3 2 5
